This file contains any messages produced by compilers while
running configure, to aid debugging if configure makes a mistake.

It was created by hpctoolkit configure 5.4.2, which was
generated by GNU Autoconf 2.67.  Invocation command line was

  $ ../configure --prefix=/home/jw/hpctoolkit-install --with-externals=/home/jw/hpctoolkit/hpctoolkit-externals/BUILD/hpctoolkit-externals-install --no-create --no-recursion

## --------- ##
## Platform. ##
## --------- ##

hostname = ubuntu
uname -m = x86_64
uname -r = 4.4.0-31-generic
uname -s = Linux
uname -v = #50~14.04.1-Ubuntu SMP Wed Jul 13 01:07:32 UTC 2016

/usr/bin/uname -p = unknown
/bin/uname -X     = unknown

/bin/arch              = unknown
/usr/bin/arch -k       = unknown
/usr/convex/getsysinfo = unknown
/usr/bin/hostinfo      = unknown
/bin/machine           = unknown
/usr/bin/oslevel       = unknown
/bin/universe          = unknown

PATH: /usr/local/sbin
PATH: /usr/local/bin
PATH: /usr/sbin
PATH: /usr/bin
PATH: /sbin
PATH: /bin
PATH: /usr/games
PATH: /usr/local/games


## ----------- ##
## Core tests. ##
## ----------- ##

configure:3246: *** INFO: from user: CXX='' CXXFLAGS='' ***
configure:3248: *** INFO: from user: CC='' CFLAGS='' ***
configure:3250: *** INFO: from user: MPICC='' ***
configure:3252: *** INFO: from user: MPICXX='' ***
configure:3254: *** INFO: from user: MPIF77='' ***
configure:3275: checking for a BSD-compatible install
configure:3343: result: /usr/bin/install -c
configure:3354: checking whether build environment is sane
configure:3404: result: yes
configure:3545: checking for a thread-safe mkdir -p
configure:3584: result: /bin/mkdir -p
configure:3597: checking for gawk
configure:3627: result: no
configure:3597: checking for mawk
configure:3613: found /usr/bin/mawk
configure:3624: result: mawk
configure:3635: checking whether make sets $(MAKE)
configure:3657: result: yes
configure:3740: checking whether to enable maintainer-specific portions of Makefiles
configure:3749: result: no
configure:3767: checking build system type
configure:3781: result: x86_64-unknown-linux-gnu
configure:3801: checking host system type
configure:3814: result: x86_64-unknown-linux-gnu
configure:3912: checking whether DEVELOP mode is enabled
configure:3929: result: no
configure:3966: checking whether to strip debug section from hpcrun libraries
configure:3968: result: yes
configure:4069: checking for g++
configure:4085: found /usr/bin/g++
configure:4096: result: g++
configure:4123: checking for C++ compiler version
configure:4132: g++ --version >&5
g++ (Ubuntu 4.8.4-2ubuntu1~14.04.3) 4.8.4
Copyright (C) 2013 Free Software Foundation, Inc.
This is free software; see the source for copying conditions.  There is NO
warranty; not even for MERCHANTABILITY or FITNESS FOR A PARTICULAR PURPOSE.

configure:4143: $? = 0
configure:4132: g++ -v >&5
Using built-in specs.
COLLECT_GCC=g++
COLLECT_LTO_WRAPPER=/usr/lib/gcc/x86_64-linux-gnu/4.8/lto-wrapper
Target: x86_64-linux-gnu
Configured with: ../src/configure -v --with-pkgversion='Ubuntu 4.8.4-2ubuntu1~14.04.3' --with-bugurl=file:///usr/share/doc/gcc-4.8/README.Bugs --enable-languages=c,c++,java,go,d,fortran,objc,obj-c++ --prefix=/usr --program-suffix=-4.8 --enable-shared --enable-linker-build-id --libexecdir=/usr/lib --without-included-gettext --enable-threads=posix --with-gxx-include-dir=/usr/include/c++/4.8 --libdir=/usr/lib --enable-nls --with-sysroot=/ --enable-clocale=gnu --enable-libstdcxx-debug --enable-libstdcxx-time=yes --enable-gnu-unique-object --disable-libmudflap --enable-plugin --with-system-zlib --disable-browser-plugin --enable-java-awt=gtk --enable-gtk-cairo --with-java-home=/usr/lib/jvm/java-1.5.0-gcj-4.8-amd64/jre --enable-java-home --with-jvm-root-dir=/usr/lib/jvm/java-1.5.0-gcj-4.8-amd64 --with-jvm-jar-dir=/usr/lib/jvm-exports/java-1.5.0-gcj-4.8-amd64 --with-arch-directory=amd64 --with-ecj-jar=/usr/share/java/eclipse-ecj.jar --enable-objc-gc --enable-multiarch --disable-werror --with-arch-32=i686 --with-abi=m64 --with-multilib-list=m32,m64,mx32 --with-tune=generic --enable-checking=release --build=x86_64-linux-gnu --host=x86_64-linux-gnu --target=x86_64-linux-gnu
Thread model: posix
gcc version 4.8.4 (Ubuntu 4.8.4-2ubuntu1~14.04.3) 
configure:4143: $? = 0
configure:4132: g++ -V >&5
g++: error: unrecognized command line option '-V'
g++: fatal error: no input files
compilation terminated.
configure:4143: $? = 4
configure:4132: g++ -qversion >&5
g++: error: unrecognized command line option '-qversion'
g++: fatal error: no input files
compilation terminated.
configure:4143: $? = 4
configure:4163: checking whether the C++ compiler works
configure:4185: g++    conftest.cpp  >&5
configure:4189: $? = 0
configure:4237: result: yes
configure:4240: checking for C++ compiler default output file name
configure:4242: result: a.out
configure:4248: checking for suffix of executables
configure:4255: g++ -o conftest    conftest.cpp  >&5
configure:4259: $? = 0
configure:4281: result: 
configure:4303: checking whether we are cross compiling
configure:4311: g++ -o conftest    conftest.cpp  >&5
configure:4315: $? = 0
configure:4322: ./conftest
configure:4326: $? = 0
configure:4341: result: no
configure:4346: checking for suffix of object files
configure:4368: g++ -c   conftest.cpp >&5
configure:4372: $? = 0
configure:4393: result: o
configure:4397: checking whether we are using the GNU C++ compiler
configure:4416: g++ -c   conftest.cpp >&5
configure:4416: $? = 0
configure:4425: result: yes
configure:4434: checking whether g++ accepts -g
configure:4454: g++ -c -g  conftest.cpp >&5
configure:4454: $? = 0
configure:4495: result: yes
configure:4529: checking for style of include used by make
configure:4557: result: GNU
configure:4582: checking dependency style of g++
configure:4692: result: gcc3
configure:4772: checking for gcc
configure:4788: found /usr/bin/gcc
configure:4799: result: gcc
configure:4830: checking for C compiler version
configure:4839: gcc --version >&5
gcc (Ubuntu 4.8.4-2ubuntu1~14.04.3) 4.8.4
Copyright (C) 2013 Free Software Foundation, Inc.
This is free software; see the source for copying conditions.  There is NO
warranty; not even for MERCHANTABILITY or FITNESS FOR A PARTICULAR PURPOSE.

configure:4850: $? = 0
configure:4839: gcc -v >&5
Using built-in specs.
COLLECT_GCC=gcc
COLLECT_LTO_WRAPPER=/usr/lib/gcc/x86_64-linux-gnu/4.8/lto-wrapper
Target: x86_64-linux-gnu
Configured with: ../src/configure -v --with-pkgversion='Ubuntu 4.8.4-2ubuntu1~14.04.3' --with-bugurl=file:///usr/share/doc/gcc-4.8/README.Bugs --enable-languages=c,c++,java,go,d,fortran,objc,obj-c++ --prefix=/usr --program-suffix=-4.8 --enable-shared --enable-linker-build-id --libexecdir=/usr/lib --without-included-gettext --enable-threads=posix --with-gxx-include-dir=/usr/include/c++/4.8 --libdir=/usr/lib --enable-nls --with-sysroot=/ --enable-clocale=gnu --enable-libstdcxx-debug --enable-libstdcxx-time=yes --enable-gnu-unique-object --disable-libmudflap --enable-plugin --with-system-zlib --disable-browser-plugin --enable-java-awt=gtk --enable-gtk-cairo --with-java-home=/usr/lib/jvm/java-1.5.0-gcj-4.8-amd64/jre --enable-java-home --with-jvm-root-dir=/usr/lib/jvm/java-1.5.0-gcj-4.8-amd64 --with-jvm-jar-dir=/usr/lib/jvm-exports/java-1.5.0-gcj-4.8-amd64 --with-arch-directory=amd64 --with-ecj-jar=/usr/share/java/eclipse-ecj.jar --enable-objc-gc --enable-multiarch --disable-werror --with-arch-32=i686 --with-abi=m64 --with-multilib-list=m32,m64,mx32 --with-tune=generic --enable-checking=release --build=x86_64-linux-gnu --host=x86_64-linux-gnu --target=x86_64-linux-gnu
Thread model: posix
gcc version 4.8.4 (Ubuntu 4.8.4-2ubuntu1~14.04.3) 
configure:4850: $? = 0
configure:4839: gcc -V >&5
gcc: error: unrecognized command line option '-V'
gcc: fatal error: no input files
compilation terminated.
configure:4850: $? = 4
configure:4839: gcc -qversion >&5
gcc: error: unrecognized command line option '-qversion'
gcc: fatal error: no input files
compilation terminated.
configure:4850: $? = 4
configure:4854: checking whether we are using the GNU C compiler
configure:4873: gcc -c   conftest.c >&5
configure:4873: $? = 0
configure:4882: result: yes
configure:4891: checking whether gcc accepts -g
configure:4911: gcc -c -g  conftest.c >&5
configure:4911: $? = 0
configure:4952: result: yes
configure:4969: checking for gcc option to accept ISO C89
configure:5033: gcc  -c   conftest.c >&5
configure:5033: $? = 0
configure:5046: result: none needed
configure:5068: checking dependency style of gcc
configure:5178: result: gcc3
configure:5193: checking for gcc option to accept ISO C99
configure:5342: gcc  -c   conftest.c >&5
conftest.c:63:29: error: expected ';', ',' or ')' before 'text'
 test_restrict (ccp restrict text)
                             ^
conftest.c: In function 'main':
conftest.c:117:18: error: expected '=', ',', ';', 'asm' or '__attribute__' before 'newvar'
   char *restrict newvar = "Another string";
                  ^
conftest.c:117:18: error: 'newvar' undeclared (first use in this function)
conftest.c:117:18: note: each undeclared identifier is reported only once for each function it appears in
conftest.c:127:3: error: 'for' loop initial declarations are only allowed in C99 mode
   for (int i = 0; i < ia->datasize; ++i)
   ^
conftest.c:127:3: note: use option -std=c99 or -std=gnu99 to compile your code
configure:5342: $? = 1
configure: failed program was:
| /* confdefs.h */
| #define PACKAGE_NAME "hpctoolkit"
| #define PACKAGE_TARNAME "hpctoolkit"
| #define PACKAGE_VERSION "5.4.2"
| #define PACKAGE_STRING "hpctoolkit 5.4.2"
| #define PACKAGE_BUGREPORT "hpctoolkit-forum@rice.edu"
| #define PACKAGE_URL "http://hpctoolkit.org/"
| #define PACKAGE "hpctoolkit"
| #define VERSION "5.4.2"
| #define HPCTOOLKIT_VERSION "5.4.2"
| #define HPCTOOLKIT_VERSION_STRING "A member of HPCToolkit, version 5.4.2"
| /* end confdefs.h.  */
| #include <stdarg.h>
| #include <stdbool.h>
| #include <stdlib.h>
| #include <wchar.h>
| #include <stdio.h>
| 
| // Check varargs macros.  These examples are taken from C99 6.10.3.5.
| #define debug(...) fprintf (stderr, __VA_ARGS__)
| #define showlist(...) puts (#__VA_ARGS__)
| #define report(test,...) ((test) ? puts (#test) : printf (__VA_ARGS__))
| static void
| test_varargs_macros (void)
| {
|   int x = 1234;
|   int y = 5678;
|   debug ("Flag");
|   debug ("X = %d\n", x);
|   showlist (The first, second, and third items.);
|   report (x>y, "x is %d but y is %d", x, y);
| }
| 
| // Check long long types.
| #define BIG64 18446744073709551615ull
| #define BIG32 4294967295ul
| #define BIG_OK (BIG64 / BIG32 == 4294967297ull && BIG64 % BIG32 == 0)
| #if !BIG_OK
|   your preprocessor is broken;
| #endif
| #if BIG_OK
| #else
|   your preprocessor is broken;
| #endif
| static long long int bignum = -9223372036854775807LL;
| static unsigned long long int ubignum = BIG64;
| 
| struct incomplete_array
| {
|   int datasize;
|   double data[];
| };
| 
| struct named_init {
|   int number;
|   const wchar_t *name;
|   double average;
| };
| 
| typedef const char *ccp;
| 
| static inline int
| test_restrict (ccp restrict text)
| {
|   // See if C++-style comments work.
|   // Iterate through items via the restricted pointer.
|   // Also check for declarations in for loops.
|   for (unsigned int i = 0; *(text+i) != '\0'; ++i)
|     continue;
|   return 0;
| }
| 
| // Check varargs and va_copy.
| static void
| test_varargs (const char *format, ...)
| {
|   va_list args;
|   va_start (args, format);
|   va_list args_copy;
|   va_copy (args_copy, args);
| 
|   const char *str;
|   int number;
|   float fnumber;
| 
|   while (*format)
|     {
|       switch (*format++)
| 	{
| 	case 's': // string
| 	  str = va_arg (args_copy, const char *);
| 	  break;
| 	case 'd': // int
| 	  number = va_arg (args_copy, int);
| 	  break;
| 	case 'f': // float
| 	  fnumber = va_arg (args_copy, double);
| 	  break;
| 	default:
| 	  break;
| 	}
|     }
|   va_end (args_copy);
|   va_end (args);
| }
| 
| int
| main ()
| {
| 
|   // Check bool.
|   _Bool success = false;
| 
|   // Check restrict.
|   if (test_restrict ("String literal") == 0)
|     success = true;
|   char *restrict newvar = "Another string";
| 
|   // Check varargs.
|   test_varargs ("s, d' f .", "string", 65, 34.234);
|   test_varargs_macros ();
| 
|   // Check flexible array members.
|   struct incomplete_array *ia =
|     malloc (sizeof (struct incomplete_array) + (sizeof (double) * 10));
|   ia->datasize = 10;
|   for (int i = 0; i < ia->datasize; ++i)
|     ia->data[i] = i * 1.234;
| 
|   // Check named initializers.
|   struct named_init ni = {
|     .number = 34,
|     .name = L"Test wide string",
|     .average = 543.34343,
|   };
| 
|   ni.number = 58;
| 
|   int dynamic_array[ni.number];
|   dynamic_array[ni.number - 1] = 543;
| 
|   // work around unused variable warnings
|   return (!success || bignum == 0LL || ubignum == 0uLL || newvar[0] == 'x'
| 	  || dynamic_array[ni.number - 1] != 543);
| 
|   ;
|   return 0;
| }
configure:5342: gcc -std=gnu99 -c   conftest.c >&5
configure:5342: $? = 0
configure:5362: result: -std=gnu99
configure:5374: checking whether gcc -std=gnu99 and cc understand -c and -o together
configure:5405: gcc -std=gnu99 -c conftest.c -o conftest2.o >&5
configure:5409: $? = 0
configure:5415: gcc -std=gnu99 -c conftest.c -o conftest2.o >&5
configure:5419: $? = 0
configure:5430: cc -c conftest.c >&5
configure:5434: $? = 0
configure:5442: cc -c conftest.c -o conftest2.o >&5
configure:5446: $? = 0
configure:5452: cc -c conftest.c -o conftest2.o >&5
configure:5456: $? = 0
configure:5474: result: yes
configure:5547: checking how to print strings
configure:5574: result: printf
configure:5595: checking for a sed that does not truncate output
configure:5659: result: /bin/sed
configure:5677: checking for grep that handles long lines and -e
configure:5735: result: /bin/grep
configure:5740: checking for egrep
configure:5802: result: /bin/grep -E
configure:5807: checking for fgrep
configure:5869: result: /bin/grep -F
configure:5904: checking for ld used by gcc -std=gnu99
configure:5971: result: /usr/bin/ld
configure:5978: checking if the linker (/usr/bin/ld) is GNU ld
configure:5993: result: yes
configure:6005: checking for BSD- or MS-compatible name lister (nm)
configure:6054: result: /usr/bin/nm -B
configure:6184: checking the name lister (/usr/bin/nm -B) interface
configure:6191: gcc -std=gnu99 -c   conftest.c >&5
configure:6194: /usr/bin/nm -B "conftest.o"
configure:6197: output
0000000000000000 B some_variable
configure:6204: result: BSD nm
configure:6207: checking whether ln -s works
configure:6211: result: yes
configure:6219: checking the maximum length of command line arguments
configure:6344: result: 3458764513820540925
configure:6361: checking whether the shell understands some XSI constructs
configure:6371: result: yes
configure:6375: checking whether the shell understands "+="
configure:6381: result: yes
configure:6416: checking for /usr/bin/ld option to reload object files
configure:6423: result: -r
configure:6492: checking for objdump
configure:6508: found /usr/bin/objdump
configure:6519: result: objdump
configure:6551: checking how to recognize dependent libraries
configure:6753: result: pass_all
configure:6813: checking for ar
configure:6829: found /usr/bin/ar
configure:6840: result: ar
configure:6918: checking for strip
configure:6934: found /usr/bin/strip
configure:6945: result: strip
configure:7017: checking for ranlib
configure:7033: found /usr/bin/ranlib
configure:7044: result: ranlib
configure:7146: checking command to parse /usr/bin/nm -B output from gcc -std=gnu99 object
configure:7264: gcc -std=gnu99 -c   conftest.c >&5
configure:7267: $? = 0
configure:7271: /usr/bin/nm -B conftest.o \| sed -n -e 's/^.*[ ]\([ABCDGIRSTW][ABCDGIRSTW]*\)[ ][ ]*\([_A-Za-z][_A-Za-z0-9]*\)$/\1 \2 \2/p' \> conftest.nm
configure:7274: $? = 0
configure:7328: gcc -std=gnu99 -o conftest    conftest.c conftstm.o >&5
configure:7331: $? = 0
configure:7369: result: ok
configure:7465: gcc -std=gnu99 -c   conftest.c >&5
configure:7468: $? = 0
configure:8210: checking how to run the C preprocessor
configure:8241: gcc -std=gnu99 -E  conftest.c
configure:8241: $? = 0
configure:8255: gcc -std=gnu99 -E  conftest.c
conftest.c:13:28: fatal error: ac_nonexistent.h: No such file or directory
 #include <ac_nonexistent.h>
                            ^
compilation terminated.
configure:8255: $? = 1
configure: failed program was:
| /* confdefs.h */
| #define PACKAGE_NAME "hpctoolkit"
| #define PACKAGE_TARNAME "hpctoolkit"
| #define PACKAGE_VERSION "5.4.2"
| #define PACKAGE_STRING "hpctoolkit 5.4.2"
| #define PACKAGE_BUGREPORT "hpctoolkit-forum@rice.edu"
| #define PACKAGE_URL "http://hpctoolkit.org/"
| #define PACKAGE "hpctoolkit"
| #define VERSION "5.4.2"
| #define HPCTOOLKIT_VERSION "5.4.2"
| #define HPCTOOLKIT_VERSION_STRING "A member of HPCToolkit, version 5.4.2"
| /* end confdefs.h.  */
| #include <ac_nonexistent.h>
configure:8280: result: gcc -std=gnu99 -E
configure:8300: gcc -std=gnu99 -E  conftest.c
configure:8300: $? = 0
configure:8314: gcc -std=gnu99 -E  conftest.c
conftest.c:13:28: fatal error: ac_nonexistent.h: No such file or directory
 #include <ac_nonexistent.h>
                            ^
compilation terminated.
configure:8314: $? = 1
configure: failed program was:
| /* confdefs.h */
| #define PACKAGE_NAME "hpctoolkit"
| #define PACKAGE_TARNAME "hpctoolkit"
| #define PACKAGE_VERSION "5.4.2"
| #define PACKAGE_STRING "hpctoolkit 5.4.2"
| #define PACKAGE_BUGREPORT "hpctoolkit-forum@rice.edu"
| #define PACKAGE_URL "http://hpctoolkit.org/"
| #define PACKAGE "hpctoolkit"
| #define VERSION "5.4.2"
| #define HPCTOOLKIT_VERSION "5.4.2"
| #define HPCTOOLKIT_VERSION_STRING "A member of HPCToolkit, version 5.4.2"
| /* end confdefs.h.  */
| #include <ac_nonexistent.h>
configure:8343: checking for ANSI C header files
configure:8363: gcc -std=gnu99 -c   conftest.c >&5
configure:8363: $? = 0
configure:8436: gcc -std=gnu99 -o conftest    conftest.c  >&5
configure:8436: $? = 0
configure:8436: ./conftest
configure:8436: $? = 0
configure:8447: result: yes
configure:8460: checking for sys/types.h
configure:8460: gcc -std=gnu99 -c   conftest.c >&5
configure:8460: $? = 0
configure:8460: result: yes
configure:8460: checking for sys/stat.h
configure:8460: gcc -std=gnu99 -c   conftest.c >&5
configure:8460: $? = 0
configure:8460: result: yes
configure:8460: checking for stdlib.h
configure:8460: gcc -std=gnu99 -c   conftest.c >&5
configure:8460: $? = 0
configure:8460: result: yes
configure:8460: checking for string.h
configure:8460: gcc -std=gnu99 -c   conftest.c >&5
configure:8460: $? = 0
configure:8460: result: yes
configure:8460: checking for memory.h
configure:8460: gcc -std=gnu99 -c   conftest.c >&5
configure:8460: $? = 0
configure:8460: result: yes
configure:8460: checking for strings.h
configure:8460: gcc -std=gnu99 -c   conftest.c >&5
configure:8460: $? = 0
configure:8460: result: yes
configure:8460: checking for inttypes.h
configure:8460: gcc -std=gnu99 -c   conftest.c >&5
configure:8460: $? = 0
configure:8460: result: yes
configure:8460: checking for stdint.h
configure:8460: gcc -std=gnu99 -c   conftest.c >&5
configure:8460: $? = 0
configure:8460: result: yes
configure:8460: checking for unistd.h
configure:8460: gcc -std=gnu99 -c   conftest.c >&5
configure:8460: $? = 0
configure:8460: result: yes
configure:8474: checking for dlfcn.h
configure:8474: gcc -std=gnu99 -c   conftest.c >&5
configure:8474: $? = 0
configure:8474: result: yes
configure:8662: checking for objdir
configure:8677: result: .libs
configure:8944: checking if gcc -std=gnu99 supports -fno-rtti -fno-exceptions
configure:8962: gcc -std=gnu99 -c   -fno-rtti -fno-exceptions conftest.c >&5
cc1: warning: command line option '-fno-rtti' is valid for C++/ObjC++ but not for C [enabled by default]
configure:8966: $? = 0
configure:8979: result: no
configure:8999: checking for gcc -std=gnu99 option to produce PIC
configure:9284: result: -fPIC -DPIC
configure:9296: checking if gcc -std=gnu99 PIC flag -fPIC -DPIC works
configure:9314: gcc -std=gnu99 -c   -fPIC -DPIC -DPIC conftest.c >&5
configure:9318: $? = 0
configure:9331: result: yes
configure:9355: checking if gcc -std=gnu99 static flag -static works
configure:9383: result: yes
configure:9398: checking if gcc -std=gnu99 supports -c -o file.o
configure:9419: gcc -std=gnu99 -c   -o out/conftest2.o conftest.c >&5
configure:9423: $? = 0
configure:9445: result: yes
configure:9453: checking if gcc -std=gnu99 supports -c -o file.o
configure:9500: result: yes
configure:9533: checking whether the gcc -std=gnu99 linker (/usr/bin/ld -m elf_x86_64) supports shared libraries
configure:10608: result: yes
configure:10645: checking whether -lc should be explicitly linked in
configure:10653: gcc -std=gnu99 -c   conftest.c >&5
configure:10656: $? = 0
configure:10671: gcc -std=gnu99 -shared conftest.o  -v -Wl,-soname -Wl,conftest -o conftest 2\>\&1 \| /bin/grep  -lc  \>/dev/null 2\>\&1
configure:10674: $? = 0
configure:10688: result: no
configure:10853: checking dynamic linker characteristics
configure:11308: gcc -std=gnu99 -o conftest    -Wl,-rpath -Wl,/foo conftest.c  >&5
configure:11308: $? = 0
configure:11530: result: GNU/Linux ld.so
configure:11637: checking how to hardcode library paths into programs
configure:11662: result: immediate
configure:12202: checking whether stripping libraries is possible
configure:12207: result: yes
configure:12242: checking if libtool supports shared libraries
configure:12244: result: yes
configure:12247: checking whether to build shared libraries
configure:12268: result: yes
configure:12271: checking whether to build static libraries
configure:12275: result: yes
configure:12298: checking how to run the C++ preprocessor
configure:12325: g++ -E  conftest.cpp
configure:12325: $? = 0
configure:12339: g++ -E  conftest.cpp
conftest.cpp:25:28: fatal error: ac_nonexistent.h: No such file or directory
 #include <ac_nonexistent.h>
                            ^
compilation terminated.
configure:12339: $? = 1
configure: failed program was:
| /* confdefs.h */
| #define PACKAGE_NAME "hpctoolkit"
| #define PACKAGE_TARNAME "hpctoolkit"
| #define PACKAGE_VERSION "5.4.2"
| #define PACKAGE_STRING "hpctoolkit 5.4.2"
| #define PACKAGE_BUGREPORT "hpctoolkit-forum@rice.edu"
| #define PACKAGE_URL "http://hpctoolkit.org/"
| #define PACKAGE "hpctoolkit"
| #define VERSION "5.4.2"
| #define HPCTOOLKIT_VERSION "5.4.2"
| #define HPCTOOLKIT_VERSION_STRING "A member of HPCToolkit, version 5.4.2"
| #define STDC_HEADERS 1
| #define HAVE_SYS_TYPES_H 1
| #define HAVE_SYS_STAT_H 1
| #define HAVE_STDLIB_H 1
| #define HAVE_STRING_H 1
| #define HAVE_MEMORY_H 1
| #define HAVE_STRINGS_H 1
| #define HAVE_INTTYPES_H 1
| #define HAVE_STDINT_H 1
| #define HAVE_UNISTD_H 1
| #define HAVE_DLFCN_H 1
| #define LT_OBJDIR ".libs/"
| /* end confdefs.h.  */
| #include <ac_nonexistent.h>
configure:12364: result: g++ -E
configure:12384: g++ -E  conftest.cpp
configure:12384: $? = 0
configure:12398: g++ -E  conftest.cpp
conftest.cpp:25:28: fatal error: ac_nonexistent.h: No such file or directory
 #include <ac_nonexistent.h>
                            ^
compilation terminated.
configure:12398: $? = 1
configure: failed program was:
| /* confdefs.h */
| #define PACKAGE_NAME "hpctoolkit"
| #define PACKAGE_TARNAME "hpctoolkit"
| #define PACKAGE_VERSION "5.4.2"
| #define PACKAGE_STRING "hpctoolkit 5.4.2"
| #define PACKAGE_BUGREPORT "hpctoolkit-forum@rice.edu"
| #define PACKAGE_URL "http://hpctoolkit.org/"
| #define PACKAGE "hpctoolkit"
| #define VERSION "5.4.2"
| #define HPCTOOLKIT_VERSION "5.4.2"
| #define HPCTOOLKIT_VERSION_STRING "A member of HPCToolkit, version 5.4.2"
| #define STDC_HEADERS 1
| #define HAVE_SYS_TYPES_H 1
| #define HAVE_SYS_STAT_H 1
| #define HAVE_STDLIB_H 1
| #define HAVE_STRING_H 1
| #define HAVE_MEMORY_H 1
| #define HAVE_STRINGS_H 1
| #define HAVE_INTTYPES_H 1
| #define HAVE_STDINT_H 1
| #define HAVE_UNISTD_H 1
| #define HAVE_DLFCN_H 1
| #define LT_OBJDIR ".libs/"
| /* end confdefs.h.  */
| #include <ac_nonexistent.h>
configure:12566: checking for ld used by g++
configure:12633: result: /usr/bin/ld -m elf_x86_64
configure:12640: checking if the linker (/usr/bin/ld -m elf_x86_64) is GNU ld
configure:12655: result: yes
configure:12710: checking whether the g++ linker (/usr/bin/ld -m elf_x86_64) supports shared libraries
configure:13642: result: yes
configure:13670: g++ -c   conftest.cpp >&5
configure:13673: $? = 0
configure:13855: checking for g++ option to produce PIC
configure:14177: result: -fPIC -DPIC
configure:14186: checking if g++ PIC flag -fPIC -DPIC works
configure:14204: g++ -c   -fPIC -DPIC -DPIC conftest.cpp >&5
configure:14208: $? = 0
configure:14221: result: yes
configure:14242: checking if g++ static flag -static works
configure:14270: result: yes
configure:14282: checking if g++ supports -c -o file.o
configure:14303: g++ -c   -o out/conftest2.o conftest.cpp >&5
configure:14307: $? = 0
configure:14329: result: yes
configure:14334: checking if g++ supports -c -o file.o
configure:14381: result: yes
configure:14411: checking whether the g++ linker (/usr/bin/ld -m elf_x86_64) supports shared libraries
configure:14439: result: yes
configure:14582: checking dynamic linker characteristics
configure:15193: result: GNU/Linux ld.so
configure:15246: checking how to hardcode library paths into programs
configure:15271: result: immediate
configure:15340: checking dependency style of gcc -std=gnu99
configure:15448: result: gcc3
configure:15467: checking for gawk
configure:15494: result: mawk
configure:15505: checking for a sed that does not truncate output
configure:15569: result: /bin/sed
configure:15580: checking how to run the C++ preprocessor
configure:15646: result: g++ -E
configure:15666: g++ -E  conftest.cpp
configure:15666: $? = 0
configure:15680: g++ -E  conftest.cpp
conftest.cpp:25:28: fatal error: ac_nonexistent.h: No such file or directory
 #include <ac_nonexistent.h>
                            ^
compilation terminated.
configure:15680: $? = 1
configure: failed program was:
| /* confdefs.h */
| #define PACKAGE_NAME "hpctoolkit"
| #define PACKAGE_TARNAME "hpctoolkit"
| #define PACKAGE_VERSION "5.4.2"
| #define PACKAGE_STRING "hpctoolkit 5.4.2"
| #define PACKAGE_BUGREPORT "hpctoolkit-forum@rice.edu"
| #define PACKAGE_URL "http://hpctoolkit.org/"
| #define PACKAGE "hpctoolkit"
| #define VERSION "5.4.2"
| #define HPCTOOLKIT_VERSION "5.4.2"
| #define HPCTOOLKIT_VERSION_STRING "A member of HPCToolkit, version 5.4.2"
| #define STDC_HEADERS 1
| #define HAVE_SYS_TYPES_H 1
| #define HAVE_SYS_STAT_H 1
| #define HAVE_STDLIB_H 1
| #define HAVE_STRING_H 1
| #define HAVE_MEMORY_H 1
| #define HAVE_STRINGS_H 1
| #define HAVE_INTTYPES_H 1
| #define HAVE_STDINT_H 1
| #define HAVE_UNISTD_H 1
| #define HAVE_DLFCN_H 1
| #define LT_OBJDIR ".libs/"
| /* end confdefs.h.  */
| #include <ac_nonexistent.h>
configure:15772: checking for MPI C++ compiler
configure:15807: result: no
configure:15830: *** INFO: post autoconf tests: CXX='g++' CXXFLAGS=''  ***
configure:15832: *** INFO: post autoconf tests: CC='gcc -std=gnu99' CFLAGS='' ***
configure:15834: *** INFO: post autoconf tests: MPICC='' ***
configure:15836: *** INFO: post autoconf tests: MPICXX='' ***
configure:15838: *** INFO: post autoconf tests: MPIF77='' ***
configure:15846: *** Using C comiler for tests ***
configure:15857: checking for ANSI C header files
configure:15961: result: yes
configure:15971: checking for unistd.h
configure:15971: result: yes
configure:15983: checking for inttypes.h
configure:15983: result: yes
configure:16003: checking size of void*
configure:16008: gcc -std=gnu99 -o conftest    conftest.c  >&5
configure:16008: $? = 0
configure:16008: ./conftest
configure:16008: $? = 0
configure:16022: result: 8
configure:16032: checking for ushort
configure:16032: gcc -std=gnu99 -c   conftest.c >&5
configure:16032: $? = 0
configure:16032: gcc -std=gnu99 -c   conftest.c >&5
conftest.c: In function 'main':
conftest.c:65:21: error: expected expression before ')' token
 if (sizeof ((ushort)))
                     ^
configure:16032: $? = 1
configure: failed program was:
| /* confdefs.h */
| #define PACKAGE_NAME "hpctoolkit"
| #define PACKAGE_TARNAME "hpctoolkit"
| #define PACKAGE_VERSION "5.4.2"
| #define PACKAGE_STRING "hpctoolkit 5.4.2"
| #define PACKAGE_BUGREPORT "hpctoolkit-forum@rice.edu"
| #define PACKAGE_URL "http://hpctoolkit.org/"
| #define PACKAGE "hpctoolkit"
| #define VERSION "5.4.2"
| #define HPCTOOLKIT_VERSION "5.4.2"
| #define HPCTOOLKIT_VERSION_STRING "A member of HPCToolkit, version 5.4.2"
| #define STDC_HEADERS 1
| #define HAVE_SYS_TYPES_H 1
| #define HAVE_SYS_STAT_H 1
| #define HAVE_STDLIB_H 1
| #define HAVE_STRING_H 1
| #define HAVE_MEMORY_H 1
| #define HAVE_STRINGS_H 1
| #define HAVE_INTTYPES_H 1
| #define HAVE_STDINT_H 1
| #define HAVE_UNISTD_H 1
| #define HAVE_DLFCN_H 1
| #define LT_OBJDIR ".libs/"
| #define STDC_HEADERS 1
| #define HAVE_UNISTD_H 1
| #define HAVE_INTTYPES_H 1
| #define SIZEOF_VOIDP 8
| /* end confdefs.h.  */
| #include <stdio.h>
| #ifdef HAVE_SYS_TYPES_H
| # include <sys/types.h>
| #endif
| #ifdef HAVE_SYS_STAT_H
| # include <sys/stat.h>
| #endif
| #ifdef STDC_HEADERS
| # include <stdlib.h>
| # include <stddef.h>
| #else
| # ifdef HAVE_STDLIB_H
| #  include <stdlib.h>
| # endif
| #endif
| #ifdef HAVE_STRING_H
| # if !defined STDC_HEADERS && defined HAVE_MEMORY_H
| #  include <memory.h>
| # endif
| # include <string.h>
| #endif
| #ifdef HAVE_STRINGS_H
| # include <strings.h>
| #endif
| #ifdef HAVE_INTTYPES_H
| # include <inttypes.h>
| #endif
| #ifdef HAVE_STDINT_H
| # include <stdint.h>
| #endif
| #ifdef HAVE_UNISTD_H
| # include <unistd.h>
| #endif
| int
| main ()
| {
| if (sizeof ((ushort)))
| 	    return 0;
|   ;
|   return 0;
| }
configure:16032: result: yes
configure:16041: checking for uint
configure:16041: gcc -std=gnu99 -c   conftest.c >&5
configure:16041: $? = 0
configure:16041: gcc -std=gnu99 -c   conftest.c >&5
conftest.c: In function 'main':
conftest.c:66:19: error: expected expression before ')' token
 if (sizeof ((uint)))
                   ^
configure:16041: $? = 1
configure: failed program was:
| /* confdefs.h */
| #define PACKAGE_NAME "hpctoolkit"
| #define PACKAGE_TARNAME "hpctoolkit"
| #define PACKAGE_VERSION "5.4.2"
| #define PACKAGE_STRING "hpctoolkit 5.4.2"
| #define PACKAGE_BUGREPORT "hpctoolkit-forum@rice.edu"
| #define PACKAGE_URL "http://hpctoolkit.org/"
| #define PACKAGE "hpctoolkit"
| #define VERSION "5.4.2"
| #define HPCTOOLKIT_VERSION "5.4.2"
| #define HPCTOOLKIT_VERSION_STRING "A member of HPCToolkit, version 5.4.2"
| #define STDC_HEADERS 1
| #define HAVE_SYS_TYPES_H 1
| #define HAVE_SYS_STAT_H 1
| #define HAVE_STDLIB_H 1
| #define HAVE_STRING_H 1
| #define HAVE_MEMORY_H 1
| #define HAVE_STRINGS_H 1
| #define HAVE_INTTYPES_H 1
| #define HAVE_STDINT_H 1
| #define HAVE_UNISTD_H 1
| #define HAVE_DLFCN_H 1
| #define LT_OBJDIR ".libs/"
| #define STDC_HEADERS 1
| #define HAVE_UNISTD_H 1
| #define HAVE_INTTYPES_H 1
| #define SIZEOF_VOIDP 8
| #define HAVE_USHORT 1
| /* end confdefs.h.  */
| #include <stdio.h>
| #ifdef HAVE_SYS_TYPES_H
| # include <sys/types.h>
| #endif
| #ifdef HAVE_SYS_STAT_H
| # include <sys/stat.h>
| #endif
| #ifdef STDC_HEADERS
| # include <stdlib.h>
| # include <stddef.h>
| #else
| # ifdef HAVE_STDLIB_H
| #  include <stdlib.h>
| # endif
| #endif
| #ifdef HAVE_STRING_H
| # if !defined STDC_HEADERS && defined HAVE_MEMORY_H
| #  include <memory.h>
| # endif
| # include <string.h>
| #endif
| #ifdef HAVE_STRINGS_H
| # include <strings.h>
| #endif
| #ifdef HAVE_INTTYPES_H
| # include <inttypes.h>
| #endif
| #ifdef HAVE_STDINT_H
| # include <stdint.h>
| #endif
| #ifdef HAVE_UNISTD_H
| # include <unistd.h>
| #endif
| int
| main ()
| {
| if (sizeof ((uint)))
| 	    return 0;
|   ;
|   return 0;
| }
configure:16041: result: yes
configure:16050: checking for ulong
configure:16050: gcc -std=gnu99 -c   conftest.c >&5
configure:16050: $? = 0
configure:16050: gcc -std=gnu99 -c   conftest.c >&5
conftest.c: In function 'main':
conftest.c:67:20: error: expected expression before ')' token
 if (sizeof ((ulong)))
                    ^
configure:16050: $? = 1
configure: failed program was:
| /* confdefs.h */
| #define PACKAGE_NAME "hpctoolkit"
| #define PACKAGE_TARNAME "hpctoolkit"
| #define PACKAGE_VERSION "5.4.2"
| #define PACKAGE_STRING "hpctoolkit 5.4.2"
| #define PACKAGE_BUGREPORT "hpctoolkit-forum@rice.edu"
| #define PACKAGE_URL "http://hpctoolkit.org/"
| #define PACKAGE "hpctoolkit"
| #define VERSION "5.4.2"
| #define HPCTOOLKIT_VERSION "5.4.2"
| #define HPCTOOLKIT_VERSION_STRING "A member of HPCToolkit, version 5.4.2"
| #define STDC_HEADERS 1
| #define HAVE_SYS_TYPES_H 1
| #define HAVE_SYS_STAT_H 1
| #define HAVE_STDLIB_H 1
| #define HAVE_STRING_H 1
| #define HAVE_MEMORY_H 1
| #define HAVE_STRINGS_H 1
| #define HAVE_INTTYPES_H 1
| #define HAVE_STDINT_H 1
| #define HAVE_UNISTD_H 1
| #define HAVE_DLFCN_H 1
| #define LT_OBJDIR ".libs/"
| #define STDC_HEADERS 1
| #define HAVE_UNISTD_H 1
| #define HAVE_INTTYPES_H 1
| #define SIZEOF_VOIDP 8
| #define HAVE_USHORT 1
| #define HAVE_UINT 1
| /* end confdefs.h.  */
| #include <stdio.h>
| #ifdef HAVE_SYS_TYPES_H
| # include <sys/types.h>
| #endif
| #ifdef HAVE_SYS_STAT_H
| # include <sys/stat.h>
| #endif
| #ifdef STDC_HEADERS
| # include <stdlib.h>
| # include <stddef.h>
| #else
| # ifdef HAVE_STDLIB_H
| #  include <stdlib.h>
| # endif
| #endif
| #ifdef HAVE_STRING_H
| # if !defined STDC_HEADERS && defined HAVE_MEMORY_H
| #  include <memory.h>
| # endif
| # include <string.h>
| #endif
| #ifdef HAVE_STRINGS_H
| # include <strings.h>
| #endif
| #ifdef HAVE_INTTYPES_H
| # include <inttypes.h>
| #endif
| #ifdef HAVE_STDINT_H
| # include <stdint.h>
| #endif
| #ifdef HAVE_UNISTD_H
| # include <unistd.h>
| #endif
| int
| main ()
| {
| if (sizeof ((ulong)))
| 	    return 0;
|   ;
|   return 0;
| }
configure:16050: result: yes
configure:16092: *** Using C++ comiler for tests ***
configure:16107: checking unistd.h usability
configure:16107: g++ -c   conftest.cpp >&5
configure:16107: $? = 0
configure:16107: result: yes
configure:16107: checking unistd.h presence
configure:16107: g++ -E  conftest.cpp
configure:16107: $? = 0
configure:16107: result: yes
configure:16107: checking for unistd.h
configure:16107: result: yes
configure:16119: checking inttypes.h usability
configure:16119: g++ -c   conftest.cpp >&5
configure:16119: $? = 0
configure:16119: result: yes
configure:16119: checking inttypes.h presence
configure:16119: g++ -E  conftest.cpp
configure:16119: $? = 0
configure:16119: result: yes
configure:16119: checking for inttypes.h
configure:16119: result: yes
configure:16131: checking cxxabi.h usability
configure:16131: g++ -c   conftest.cpp >&5
configure:16131: $? = 0
configure:16131: result: yes
configure:16131: checking cxxabi.h presence
configure:16131: g++ -E  conftest.cpp
configure:16131: $? = 0
configure:16131: result: yes
configure:16131: checking for cxxabi.h
configure:16131: result: yes
configure:16141: checking whether g++ supports C++ style C headers (<cheader>)
configure:16174: g++ -c   conftest.cpp >&5
configure:16174: $? = 0
configure:16181: result: yes
configure:16194: checking size of void*
configure:16199: g++ -o conftest    conftest.cpp  >&5
configure:16199: $? = 0
configure:16199: ./conftest
configure:16199: $? = 0
configure:16213: result: 8
configure:16223: checking for ushort
configure:16223: g++ -c   conftest.cpp >&5
configure:16223: $? = 0
configure:16223: g++ -c   conftest.cpp >&5
conftest.cpp: In function 'int main()':
conftest.cpp:75:20: error: expected primary-expression before ')' token
 if (sizeof ((ushort)))
                    ^
configure:16223: $? = 1
configure: failed program was:
| /* confdefs.h */
| #define PACKAGE_NAME "hpctoolkit"
| #define PACKAGE_TARNAME "hpctoolkit"
| #define PACKAGE_VERSION "5.4.2"
| #define PACKAGE_STRING "hpctoolkit 5.4.2"
| #define PACKAGE_BUGREPORT "hpctoolkit-forum@rice.edu"
| #define PACKAGE_URL "http://hpctoolkit.org/"
| #define PACKAGE "hpctoolkit"
| #define VERSION "5.4.2"
| #define HPCTOOLKIT_VERSION "5.4.2"
| #define HPCTOOLKIT_VERSION_STRING "A member of HPCToolkit, version 5.4.2"
| #define STDC_HEADERS 1
| #define HAVE_SYS_TYPES_H 1
| #define HAVE_SYS_STAT_H 1
| #define HAVE_STDLIB_H 1
| #define HAVE_STRING_H 1
| #define HAVE_MEMORY_H 1
| #define HAVE_STRINGS_H 1
| #define HAVE_INTTYPES_H 1
| #define HAVE_STDINT_H 1
| #define HAVE_UNISTD_H 1
| #define HAVE_DLFCN_H 1
| #define LT_OBJDIR ".libs/"
| #define STDC_HEADERS 1
| #define HAVE_UNISTD_H 1
| #define HAVE_INTTYPES_H 1
| #define SIZEOF_VOIDP 8
| #define HAVE_USHORT 1
| #define HAVE_UINT 1
| #define HAVE_ULONG 1
| #define HAVE_USHORT_LANG_C 1
| #define HAVE_UINT_LANG_C 1
| #define HAVE_ULONG_LANG_C 1
| #define HAVE_UNISTD_H 1
| #define HAVE_INTTYPES_H 1
| #define HAVE_CXXABI_H 1
| #define SIZEOF_VOIDP 8
| /* end confdefs.h.  */
| #include <stdio.h>
| #ifdef HAVE_SYS_TYPES_H
| # include <sys/types.h>
| #endif
| #ifdef HAVE_SYS_STAT_H
| # include <sys/stat.h>
| #endif
| #ifdef STDC_HEADERS
| # include <stdlib.h>
| # include <stddef.h>
| #else
| # ifdef HAVE_STDLIB_H
| #  include <stdlib.h>
| # endif
| #endif
| #ifdef HAVE_STRING_H
| # if !defined STDC_HEADERS && defined HAVE_MEMORY_H
| #  include <memory.h>
| # endif
| # include <string.h>
| #endif
| #ifdef HAVE_STRINGS_H
| # include <strings.h>
| #endif
| #ifdef HAVE_INTTYPES_H
| # include <inttypes.h>
| #endif
| #ifdef HAVE_STDINT_H
| # include <stdint.h>
| #endif
| #ifdef HAVE_UNISTD_H
| # include <unistd.h>
| #endif
| int
| main ()
| {
| if (sizeof ((ushort)))
| 	    return 0;
|   ;
|   return 0;
| }
configure:16223: result: yes
configure:16232: checking for uint
configure:16232: g++ -c   conftest.cpp >&5
configure:16232: $? = 0
configure:16232: g++ -c   conftest.cpp >&5
conftest.cpp: In function 'int main()':
conftest.cpp:76:18: error: expected primary-expression before ')' token
 if (sizeof ((uint)))
                  ^
configure:16232: $? = 1
configure: failed program was:
| /* confdefs.h */
| #define PACKAGE_NAME "hpctoolkit"
| #define PACKAGE_TARNAME "hpctoolkit"
| #define PACKAGE_VERSION "5.4.2"
| #define PACKAGE_STRING "hpctoolkit 5.4.2"
| #define PACKAGE_BUGREPORT "hpctoolkit-forum@rice.edu"
| #define PACKAGE_URL "http://hpctoolkit.org/"
| #define PACKAGE "hpctoolkit"
| #define VERSION "5.4.2"
| #define HPCTOOLKIT_VERSION "5.4.2"
| #define HPCTOOLKIT_VERSION_STRING "A member of HPCToolkit, version 5.4.2"
| #define STDC_HEADERS 1
| #define HAVE_SYS_TYPES_H 1
| #define HAVE_SYS_STAT_H 1
| #define HAVE_STDLIB_H 1
| #define HAVE_STRING_H 1
| #define HAVE_MEMORY_H 1
| #define HAVE_STRINGS_H 1
| #define HAVE_INTTYPES_H 1
| #define HAVE_STDINT_H 1
| #define HAVE_UNISTD_H 1
| #define HAVE_DLFCN_H 1
| #define LT_OBJDIR ".libs/"
| #define STDC_HEADERS 1
| #define HAVE_UNISTD_H 1
| #define HAVE_INTTYPES_H 1
| #define SIZEOF_VOIDP 8
| #define HAVE_USHORT 1
| #define HAVE_UINT 1
| #define HAVE_ULONG 1
| #define HAVE_USHORT_LANG_C 1
| #define HAVE_UINT_LANG_C 1
| #define HAVE_ULONG_LANG_C 1
| #define HAVE_UNISTD_H 1
| #define HAVE_INTTYPES_H 1
| #define HAVE_CXXABI_H 1
| #define SIZEOF_VOIDP 8
| #define HAVE_USHORT 1
| /* end confdefs.h.  */
| #include <stdio.h>
| #ifdef HAVE_SYS_TYPES_H
| # include <sys/types.h>
| #endif
| #ifdef HAVE_SYS_STAT_H
| # include <sys/stat.h>
| #endif
| #ifdef STDC_HEADERS
| # include <stdlib.h>
| # include <stddef.h>
| #else
| # ifdef HAVE_STDLIB_H
| #  include <stdlib.h>
| # endif
| #endif
| #ifdef HAVE_STRING_H
| # if !defined STDC_HEADERS && defined HAVE_MEMORY_H
| #  include <memory.h>
| # endif
| # include <string.h>
| #endif
| #ifdef HAVE_STRINGS_H
| # include <strings.h>
| #endif
| #ifdef HAVE_INTTYPES_H
| # include <inttypes.h>
| #endif
| #ifdef HAVE_STDINT_H
| # include <stdint.h>
| #endif
| #ifdef HAVE_UNISTD_H
| # include <unistd.h>
| #endif
| int
| main ()
| {
| if (sizeof ((uint)))
| 	    return 0;
|   ;
|   return 0;
| }
configure:16232: result: yes
configure:16241: checking for ulong
configure:16241: g++ -c   conftest.cpp >&5
configure:16241: $? = 0
configure:16241: g++ -c   conftest.cpp >&5
conftest.cpp: In function 'int main()':
conftest.cpp:77:19: error: expected primary-expression before ')' token
 if (sizeof ((ulong)))
                   ^
configure:16241: $? = 1
configure: failed program was:
| /* confdefs.h */
| #define PACKAGE_NAME "hpctoolkit"
| #define PACKAGE_TARNAME "hpctoolkit"
| #define PACKAGE_VERSION "5.4.2"
| #define PACKAGE_STRING "hpctoolkit 5.4.2"
| #define PACKAGE_BUGREPORT "hpctoolkit-forum@rice.edu"
| #define PACKAGE_URL "http://hpctoolkit.org/"
| #define PACKAGE "hpctoolkit"
| #define VERSION "5.4.2"
| #define HPCTOOLKIT_VERSION "5.4.2"
| #define HPCTOOLKIT_VERSION_STRING "A member of HPCToolkit, version 5.4.2"
| #define STDC_HEADERS 1
| #define HAVE_SYS_TYPES_H 1
| #define HAVE_SYS_STAT_H 1
| #define HAVE_STDLIB_H 1
| #define HAVE_STRING_H 1
| #define HAVE_MEMORY_H 1
| #define HAVE_STRINGS_H 1
| #define HAVE_INTTYPES_H 1
| #define HAVE_STDINT_H 1
| #define HAVE_UNISTD_H 1
| #define HAVE_DLFCN_H 1
| #define LT_OBJDIR ".libs/"
| #define STDC_HEADERS 1
| #define HAVE_UNISTD_H 1
| #define HAVE_INTTYPES_H 1
| #define SIZEOF_VOIDP 8
| #define HAVE_USHORT 1
| #define HAVE_UINT 1
| #define HAVE_ULONG 1
| #define HAVE_USHORT_LANG_C 1
| #define HAVE_UINT_LANG_C 1
| #define HAVE_ULONG_LANG_C 1
| #define HAVE_UNISTD_H 1
| #define HAVE_INTTYPES_H 1
| #define HAVE_CXXABI_H 1
| #define SIZEOF_VOIDP 8
| #define HAVE_USHORT 1
| #define HAVE_UINT 1
| /* end confdefs.h.  */
| #include <stdio.h>
| #ifdef HAVE_SYS_TYPES_H
| # include <sys/types.h>
| #endif
| #ifdef HAVE_SYS_STAT_H
| # include <sys/stat.h>
| #endif
| #ifdef STDC_HEADERS
| # include <stdlib.h>
| # include <stddef.h>
| #else
| # ifdef HAVE_STDLIB_H
| #  include <stdlib.h>
| # endif
| #endif
| #ifdef HAVE_STRING_H
| # if !defined STDC_HEADERS && defined HAVE_MEMORY_H
| #  include <memory.h>
| # endif
| # include <string.h>
| #endif
| #ifdef HAVE_STRINGS_H
| # include <strings.h>
| #endif
| #ifdef HAVE_INTTYPES_H
| # include <inttypes.h>
| #endif
| #ifdef HAVE_STDINT_H
| # include <stdint.h>
| #endif
| #ifdef HAVE_UNISTD_H
| # include <unistd.h>
| #endif
| int
| main ()
| {
| if (sizeof ((ulong)))
| 	    return 0;
|   ;
|   return 0;
| }
configure:16241: result: yes
configure:16255: checking whether g++ compiles pthread.h (__thread vs. __threadp)
configure:16273: g++ -c   conftest.cpp >&5
configure:16273: $? = 0
configure:16281: result: yes
configure:16298: checking for multilib platform
configure:16311: result: yes (searching: lib lib64 lib32)
configure:16804: checking whether byte ordering is bigendian
configure:16819: g++ -c   conftest.cpp >&5
conftest.cpp:46:9: error: expected unqualified-id before 'not' token
         not a universal capable compiler
         ^
configure:16819: $? = 1
configure: failed program was:
| /* confdefs.h */
| #define PACKAGE_NAME "hpctoolkit"
| #define PACKAGE_TARNAME "hpctoolkit"
| #define PACKAGE_VERSION "5.4.2"
| #define PACKAGE_STRING "hpctoolkit 5.4.2"
| #define PACKAGE_BUGREPORT "hpctoolkit-forum@rice.edu"
| #define PACKAGE_URL "http://hpctoolkit.org/"
| #define PACKAGE "hpctoolkit"
| #define VERSION "5.4.2"
| #define HPCTOOLKIT_VERSION "5.4.2"
| #define HPCTOOLKIT_VERSION_STRING "A member of HPCToolkit, version 5.4.2"
| #define STDC_HEADERS 1
| #define HAVE_SYS_TYPES_H 1
| #define HAVE_SYS_STAT_H 1
| #define HAVE_STDLIB_H 1
| #define HAVE_STRING_H 1
| #define HAVE_MEMORY_H 1
| #define HAVE_STRINGS_H 1
| #define HAVE_INTTYPES_H 1
| #define HAVE_STDINT_H 1
| #define HAVE_UNISTD_H 1
| #define HAVE_DLFCN_H 1
| #define LT_OBJDIR ".libs/"
| #define STDC_HEADERS 1
| #define HAVE_UNISTD_H 1
| #define HAVE_INTTYPES_H 1
| #define SIZEOF_VOIDP 8
| #define HAVE_USHORT 1
| #define HAVE_UINT 1
| #define HAVE_ULONG 1
| #define HAVE_USHORT_LANG_C 1
| #define HAVE_UINT_LANG_C 1
| #define HAVE_ULONG_LANG_C 1
| #define HAVE_UNISTD_H 1
| #define HAVE_INTTYPES_H 1
| #define HAVE_CXXABI_H 1
| #define SIZEOF_VOIDP 8
| #define HAVE_USHORT 1
| #define HAVE_UINT 1
| #define HAVE_ULONG 1
| #define HAVE_OS_MULTILIB 1
| #define HOST_CPU_x86_64 1
| #define HOST_OS_LINUX 1
| /* end confdefs.h.  */
| #ifndef __APPLE_CC__
| 	       not a universal capable compiler
| 	     #endif
| 	     typedef int dummy;
| 
configure:16864: g++ -c   conftest.cpp >&5
configure:16864: $? = 0
configure:16882: g++ -c   conftest.cpp >&5
conftest.cpp: In function 'int main()':
conftest.cpp:52:8: error: 'big' was not declared in this scope
    not big endian
        ^
conftest.cpp:52:12: error: expected ';' before 'endian'
    not big endian
            ^
configure:16882: $? = 1
configure: failed program was:
| /* confdefs.h */
| #define PACKAGE_NAME "hpctoolkit"
| #define PACKAGE_TARNAME "hpctoolkit"
| #define PACKAGE_VERSION "5.4.2"
| #define PACKAGE_STRING "hpctoolkit 5.4.2"
| #define PACKAGE_BUGREPORT "hpctoolkit-forum@rice.edu"
| #define PACKAGE_URL "http://hpctoolkit.org/"
| #define PACKAGE "hpctoolkit"
| #define VERSION "5.4.2"
| #define HPCTOOLKIT_VERSION "5.4.2"
| #define HPCTOOLKIT_VERSION_STRING "A member of HPCToolkit, version 5.4.2"
| #define STDC_HEADERS 1
| #define HAVE_SYS_TYPES_H 1
| #define HAVE_SYS_STAT_H 1
| #define HAVE_STDLIB_H 1
| #define HAVE_STRING_H 1
| #define HAVE_MEMORY_H 1
| #define HAVE_STRINGS_H 1
| #define HAVE_INTTYPES_H 1
| #define HAVE_STDINT_H 1
| #define HAVE_UNISTD_H 1
| #define HAVE_DLFCN_H 1
| #define LT_OBJDIR ".libs/"
| #define STDC_HEADERS 1
| #define HAVE_UNISTD_H 1
| #define HAVE_INTTYPES_H 1
| #define SIZEOF_VOIDP 8
| #define HAVE_USHORT 1
| #define HAVE_UINT 1
| #define HAVE_ULONG 1
| #define HAVE_USHORT_LANG_C 1
| #define HAVE_UINT_LANG_C 1
| #define HAVE_ULONG_LANG_C 1
| #define HAVE_UNISTD_H 1
| #define HAVE_INTTYPES_H 1
| #define HAVE_CXXABI_H 1
| #define SIZEOF_VOIDP 8
| #define HAVE_USHORT 1
| #define HAVE_UINT 1
| #define HAVE_ULONG 1
| #define HAVE_OS_MULTILIB 1
| #define HOST_CPU_x86_64 1
| #define HOST_OS_LINUX 1
| /* end confdefs.h.  */
| #include <sys/types.h>
| 		#include <sys/param.h>
| 
| int
| main ()
| {
| #if BYTE_ORDER != BIG_ENDIAN
| 		 not big endian
| 		#endif
| 
|   ;
|   return 0;
| }
configure:17010: result: no
configure:17056: host endian: little
configure:17083: g++ -o conftest    conftest.cpp  >&5
configure:17083: $? = 0
configure:17097: use system byteswap.h: yes
configure:17130: checking CXXFLAGS for C++11 standard
configure:17155: g++ -c  -g -O3 -Wall    conftest.cpp >&5
conftest.cpp: In function 'int mylen(std::list<int>)':
conftest.cpp:52:8: warning: 'auto' changes meaning in C++11; please remove it [-Wc++0x-compat]
   for (auto it = lst.begin(); it != lst.end(); it++) {
        ^
conftest.cpp:52:13: error: 'it' does not name a type
   for (auto it = lst.begin(); it != lst.end(); it++) {
             ^
conftest.cpp:52:31: error: expected ';' before 'it'
   for (auto it = lst.begin(); it != lst.end(); it++) {
                               ^
conftest.cpp:52:31: error: 'it' was not declared in this scope
configure:17155: $? = 1
configure: failed program was:
| /* confdefs.h */
| #define PACKAGE_NAME "hpctoolkit"
| #define PACKAGE_TARNAME "hpctoolkit"
| #define PACKAGE_VERSION "5.4.2"
| #define PACKAGE_STRING "hpctoolkit 5.4.2"
| #define PACKAGE_BUGREPORT "hpctoolkit-forum@rice.edu"
| #define PACKAGE_URL "http://hpctoolkit.org/"
| #define PACKAGE "hpctoolkit"
| #define VERSION "5.4.2"
| #define HPCTOOLKIT_VERSION "5.4.2"
| #define HPCTOOLKIT_VERSION_STRING "A member of HPCToolkit, version 5.4.2"
| #define STDC_HEADERS 1
| #define HAVE_SYS_TYPES_H 1
| #define HAVE_SYS_STAT_H 1
| #define HAVE_STDLIB_H 1
| #define HAVE_STRING_H 1
| #define HAVE_MEMORY_H 1
| #define HAVE_STRINGS_H 1
| #define HAVE_INTTYPES_H 1
| #define HAVE_STDINT_H 1
| #define HAVE_UNISTD_H 1
| #define HAVE_DLFCN_H 1
| #define LT_OBJDIR ".libs/"
| #define STDC_HEADERS 1
| #define HAVE_UNISTD_H 1
| #define HAVE_INTTYPES_H 1
| #define SIZEOF_VOIDP 8
| #define HAVE_USHORT 1
| #define HAVE_UINT 1
| #define HAVE_ULONG 1
| #define HAVE_USHORT_LANG_C 1
| #define HAVE_UINT_LANG_C 1
| #define HAVE_ULONG_LANG_C 1
| #define HAVE_UNISTD_H 1
| #define HAVE_INTTYPES_H 1
| #define HAVE_CXXABI_H 1
| #define SIZEOF_VOIDP 8
| #define HAVE_USHORT 1
| #define HAVE_UINT 1
| #define HAVE_ULONG 1
| #define HAVE_OS_MULTILIB 1
| #define HOST_CPU_x86_64 1
| #define HOST_OS_LINUX 1
| #define HOST_LITTLE_ENDIAN 1
| #define USE_SYSTEM_BYTESWAP 1
| /* end confdefs.h.  */
| 
| #include <list>
| int mylen(std::list <int> lst)
| {
|   int ans = 0;
|   for (auto it = lst.begin(); it != lst.end(); it++) {
|     ans += 1;
|   }
|   return ans;
| }
| 
configure:17155: g++ -c  -g -O3 -Wall    conftest.cpp >&5
conftest.cpp: In function 'int mylen(std::list<int>)':
conftest.cpp:52:8: warning: 'auto' changes meaning in C++11; please remove it [-Wc++0x-compat]
   for (auto it = lst.begin(); it != lst.end(); it++) {
        ^
conftest.cpp:52:13: error: 'it' does not name a type
   for (auto it = lst.begin(); it != lst.end(); it++) {
             ^
conftest.cpp:52:31: error: expected ';' before 'it'
   for (auto it = lst.begin(); it != lst.end(); it++) {
                               ^
conftest.cpp:52:31: error: 'it' was not declared in this scope
configure:17155: $? = 1
configure: failed program was:
| /* confdefs.h */
| #define PACKAGE_NAME "hpctoolkit"
| #define PACKAGE_TARNAME "hpctoolkit"
| #define PACKAGE_VERSION "5.4.2"
| #define PACKAGE_STRING "hpctoolkit 5.4.2"
| #define PACKAGE_BUGREPORT "hpctoolkit-forum@rice.edu"
| #define PACKAGE_URL "http://hpctoolkit.org/"
| #define PACKAGE "hpctoolkit"
| #define VERSION "5.4.2"
| #define HPCTOOLKIT_VERSION "5.4.2"
| #define HPCTOOLKIT_VERSION_STRING "A member of HPCToolkit, version 5.4.2"
| #define STDC_HEADERS 1
| #define HAVE_SYS_TYPES_H 1
| #define HAVE_SYS_STAT_H 1
| #define HAVE_STDLIB_H 1
| #define HAVE_STRING_H 1
| #define HAVE_MEMORY_H 1
| #define HAVE_STRINGS_H 1
| #define HAVE_INTTYPES_H 1
| #define HAVE_STDINT_H 1
| #define HAVE_UNISTD_H 1
| #define HAVE_DLFCN_H 1
| #define LT_OBJDIR ".libs/"
| #define STDC_HEADERS 1
| #define HAVE_UNISTD_H 1
| #define HAVE_INTTYPES_H 1
| #define SIZEOF_VOIDP 8
| #define HAVE_USHORT 1
| #define HAVE_UINT 1
| #define HAVE_ULONG 1
| #define HAVE_USHORT_LANG_C 1
| #define HAVE_UINT_LANG_C 1
| #define HAVE_ULONG_LANG_C 1
| #define HAVE_UNISTD_H 1
| #define HAVE_INTTYPES_H 1
| #define HAVE_CXXABI_H 1
| #define SIZEOF_VOIDP 8
| #define HAVE_USHORT 1
| #define HAVE_UINT 1
| #define HAVE_ULONG 1
| #define HAVE_OS_MULTILIB 1
| #define HOST_CPU_x86_64 1
| #define HOST_OS_LINUX 1
| #define HOST_LITTLE_ENDIAN 1
| #define USE_SYSTEM_BYTESWAP 1
| /* end confdefs.h.  */
| 
| #include <list>
| int mylen(std::list <int> lst)
| {
|   int ans = 0;
|   for (auto it = lst.begin(); it != lst.end(); it++) {
|     ans += 1;
|   }
|   return ans;
| }
| 
configure:17155: g++ -c  -g -O3 -Wall  -std=c++11  conftest.cpp >&5
configure:17155: $? = 0
configure:17168: result: -std=c++11
configure:17202: checking relocatable linking: /usr/bin/ld -m elf_x86_64 
configure:17207: result: yes
configure:17326: skipping MPICXX compatibility check (MPICXX not set)
configure:17356: *** INFO: post hpc tests: CXX='g++' CXXFLAGS='' HOST_CXXFLAGS=' -g -O3 -Wall -std=c++11' ***
configure:17358: *** INFO: post hpc tests: CC='gcc -std=gnu99' CFLAGS='' HOST_CFLAGS=' -g -O3 -Wall' ***
configure:17360: *** INFO: post hpc tests: MPICC='' ***
configure:17362: *** INFO: post hpc tests: MPICXX='' ***
configure:17364: *** INFO: post hpc tests: MPIF77='' ***
configure:17417: using externals tree: /home/jw/hpctoolkit/hpctoolkit-externals/BUILD/hpctoolkit-externals-install
configure:17451: checking for gcc
configure:17469: found /usr/bin/gcc
configure:17481: result: /usr/bin/gcc
configure:17514: checking for g++
configure:17532: found /usr/bin/g++
configure:17544: result: /usr/bin/g++
configure:17564: C compiler: gcc (Ubuntu 4.8.4-2ubuntu1~14.04.3) 4.8.4
configure:17566: C++ compiler: g++ (Ubuntu 4.8.4-2ubuntu1~14.04.3) 4.8.4
configure:17615: checking for GNU binutils
configure:17653: result: /home/jw/hpctoolkit/hpctoolkit-externals/BUILD/hpctoolkit-externals-install/binutils
configure:17676: checking for boost
configure:17692: result: /home/jw/hpctoolkit/hpctoolkit-externals/BUILD/hpctoolkit-externals-install/boost
configure:17716: checking for libdwarf
configure:17738: result: /home/jw/hpctoolkit/hpctoolkit-externals/BUILD/hpctoolkit-externals-install/libdwarf
configure:17762: checking for libelf
configure:17789: result: /home/jw/hpctoolkit/hpctoolkit-externals/BUILD/hpctoolkit-externals-install/libelf
configure:17815: checking for libmonitor
configure:17849: result: /home/jw/hpctoolkit/hpctoolkit-externals/BUILD/hpctoolkit-externals-install/libmonitor
libmonitor wrap names:
_Exit _exit exit main dlclose dlopen execl execle execlp execv execve execvp fork system vfork pthread_create pthread_exit pthread_sigmask sigtimedwait sigwait sigwaitinfo sigaction signal sigprocmask MPI_Init MPI_Init_thread MPI_Finalize MPI_Comm_rank mpi_init mpi_init_thread mpi_finalize mpi_comm_rank mpi_init_ mpi_init_thread_ mpi_finalize_ mpi_comm_rank_ mpi_init__ mpi_init_thread__ mpi_finalize__ mpi_comm_rank__ 
configure:17870: checking whether configured to use libunwind instead of native
configure:17923: result: yes ()
configure:18007: checking for monitor
configure:18063: result: no (not needed)
configure:18092: checking for OpenAnalysis
configure:18114: result: /home/jw/hpctoolkit/hpctoolkit-externals/BUILD/hpctoolkit-externals-install/open-analysis
configure:18125: checking whether configured with PAPI
configure:18202: result: yes (/usr/local)
configure:18204: PAPI shared libpapi.so: yes
configure:18206: PAPI static libpapi.a: yes
configure:18265: checking whether to use new papi component
configure:18299: gcc -std=gnu99 -o conftest  -I/usr/local/include   conftest.c -L/usr/local/lib -lpapi >&5
configure:18299: $? = 0
configure:18317: result: yes
configure:18337: checking whether to use component papi CUPTI functionality
configure:18390: result: no
configure:18422: checking for symtabAPI
configure:18447: result: /home/jw/hpctoolkit/hpctoolkit-externals/BUILD/hpctoolkit-externals-install/symtabAPI
configure:18450: checking for parseAPI
configure:18463: result: yes
configure:18513: checking for xed2
configure:18537: result: /home/jw/hpctoolkit/hpctoolkit-externals/BUILD/hpctoolkit-externals-install/xed2
configure:18563: checking if libxed.a was compiled with -fPIC
configure:18577: gcc -std=gnu99 -o conftest -shared -fPIC -I/home/jw/hpctoolkit/hpctoolkit-externals/BUILD/hpctoolkit-externals-install/xed2/include   conftest.c /home/jw/hpctoolkit/hpctoolkit-externals/BUILD/hpctoolkit-externals-install/xed2/lib/libxed.a >&5
/usr/bin/ld: /home/jw/hpctoolkit/hpctoolkit-externals/BUILD/hpctoolkit-externals-install/xed2/lib/libxed.a(xed-tobj-clean.o): relocation R_X86_64_32S against `.data' can not be used when making a shared object; recompile with -fPIC
/home/jw/hpctoolkit/hpctoolkit-externals/BUILD/hpctoolkit-externals-install/xed2/lib/libxed.a: error adding symbols: Bad value
collect2: error: ld returned 1 exit status
configure:18577: $? = 1
configure: failed program was:
| /* confdefs.h */
| #define PACKAGE_NAME "hpctoolkit"
| #define PACKAGE_TARNAME "hpctoolkit"
| #define PACKAGE_VERSION "5.4.2"
| #define PACKAGE_STRING "hpctoolkit 5.4.2"
| #define PACKAGE_BUGREPORT "hpctoolkit-forum@rice.edu"
| #define PACKAGE_URL "http://hpctoolkit.org/"
| #define PACKAGE "hpctoolkit"
| #define VERSION "5.4.2"
| #define HPCTOOLKIT_VERSION "5.4.2"
| #define HPCTOOLKIT_VERSION_STRING "A member of HPCToolkit, version 5.4.2"
| #define STDC_HEADERS 1
| #define HAVE_SYS_TYPES_H 1
| #define HAVE_SYS_STAT_H 1
| #define HAVE_STDLIB_H 1
| #define HAVE_STRING_H 1
| #define HAVE_MEMORY_H 1
| #define HAVE_STRINGS_H 1
| #define HAVE_INTTYPES_H 1
| #define HAVE_STDINT_H 1
| #define HAVE_UNISTD_H 1
| #define HAVE_DLFCN_H 1
| #define LT_OBJDIR ".libs/"
| #define STDC_HEADERS 1
| #define HAVE_UNISTD_H 1
| #define HAVE_INTTYPES_H 1
| #define SIZEOF_VOIDP 8
| #define HAVE_USHORT 1
| #define HAVE_UINT 1
| #define HAVE_ULONG 1
| #define HAVE_USHORT_LANG_C 1
| #define HAVE_UINT_LANG_C 1
| #define HAVE_ULONG_LANG_C 1
| #define HAVE_UNISTD_H 1
| #define HAVE_INTTYPES_H 1
| #define HAVE_CXXABI_H 1
| #define SIZEOF_VOIDP 8
| #define HAVE_USHORT 1
| #define HAVE_UINT 1
| #define HAVE_ULONG 1
| #define HAVE_OS_MULTILIB 1
| #define HOST_CPU_x86_64 1
| #define HOST_OS_LINUX 1
| #define HOST_LITTLE_ENDIAN 1
| #define USE_SYSTEM_BYTESWAP 1
| /* end confdefs.h.  */
| 
| #include <stdio.h>
| #include <xed-interface.h>
| int my_xed_init(void)
| {
|   xed_tables_init();
|   return 0;
| }
| 
configure:18584: result: no
configure:18645: xed2 lib flags: -L/home/jw/hpctoolkit/hpctoolkit-externals/BUILD/hpctoolkit-externals-install/xed2/lib -lxed
configure:18666: checking for XercesC
configure:18703: result: /home/jw/hpctoolkit/hpctoolkit-externals/BUILD/hpctoolkit-externals-install/xerces
configure:18805: checking whether to build hpcrun-flat
configure:18818: result: no
configure:18842: checking whether to build hpcrun
configure:18864: result: yes
configure:18916: found libstdc++.so at /usr/lib/gcc/x86_64-linux-gnu/4.8/libstdc++.so
configure:18945: checking whether to build hpcrun for statically linked executables
configure:18966: result: yes
configure:18979: checking whether to build hpcrun for dynamically linked executables
configure:18987: result: yes
configure:19051: checking symtabAPI for inline function support
configure:19072: g++ -c  -g -O3 -Wall -std=c++11  -I/home/jw/hpctoolkit/hpctoolkit-externals/BUILD/hpctoolkit-externals-install/boost/include -I/home/jw/hpctoolkit/hpctoolkit-externals/BUILD/hpctoolkit-externals-install/symtabAPI/include  conftest.cpp >&5
configure:19072: $? = 0
configure:19080: result: yes
configure:19090: checking symtabAPI for new function name iterator
configure:19109: g++ -c  -g -O3 -Wall -std=c++11  -I/home/jw/hpctoolkit/hpctoolkit-externals/BUILD/hpctoolkit-externals-install/boost/include -I/home/jw/hpctoolkit/hpctoolkit-externals/BUILD/hpctoolkit-externals-install/symtabAPI/include  conftest.cpp >&5
configure:19109: $? = 0
configure:19117: result: yes
configure:19125: checking parseAPI for CFG loop support
configure:19151: g++ -c  -g -O3 -Wall -std=c++11  -I/home/jw/hpctoolkit/hpctoolkit-externals/BUILD/hpctoolkit-externals-install/boost/include -I/home/jw/hpctoolkit/hpctoolkit-externals/BUILD/hpctoolkit-externals-install/symtabAPI/include  conftest.cpp >&5
configure:19151: $? = 0
configure:19159: result: yes
configure:19255: checking whether to build MPI-based analysis tools (e.g., hpcprof-mpi)
configure:19279: result: no (request: auto)
configure:19301: checking whether to build MPI monitoring support
configure:19351: result: no (request: no)
configure:19490: checking whether to use lush
configure:19497: result: no
configure:19565: lush pthreads: no
configure:19591: checking whether to support AMD XOP instructions
configure:19593: result: no
configure:19622: checking for CLOCK_REALTIME and SIGEV_THREAD_ID
configure:19647: gcc -std=gnu99 -o conftest    conftest.c -lrt >&5
configure:19647: $? = 0
configure:19655: result: yes
configure:19665: checking for CLOCK_THREAD_CPUTIME_ID
configure:19679: gcc -std=gnu99 -o conftest    conftest.c -lrt >&5
configure:19679: $? = 0
configure:19686: result: yes
configure:19709: checking whether to enable IBM BlueGene/P support
configure:19728: result: no
configure:19812: result: no
configure:19836: checking for UPC
configure:19902: result: no
configure:20080: checking whether to enable data-centric tracing
configure:20097: result: no
configure:20112: checking whether configured with objcopy
configure:20126: result: yes (objcopy)
configure:20136: checking whether to enable HPCToolkit GNU binutils functionality
configure:20153: result: yes
configure:20167: checking whether to build developer tools (devtools)
configure:20184: result: no
configure:20576: creating ./config.status
configure:23173: -------------------
configure:23175: HPCToolkit summary
configure:23177: -------------------
configure:23179:   HPCToolkit version: 5.4.2
configure:23181: 
configure:23183:   prefix: /home/jw/hpctoolkit-install
configure:23185:   build:  x86_64-unknown-linux-gnu
configure:23187:   host:   x86_64-unknown-linux-gnu
configure:23189:   host endian: little
configure:23191: 
configure:23193:   hpcrun?:      yes
configure:23195:   hpclink?:     yes
configure:23197:   hpcrun-flat?: no
configure:23199:   mpi support?: no
configure:23201:   mpi wrapper support?: no
configure:23203:   hpcrun/lush?: no
configure:23205:   datacentric?: no
configure:23207:   hpcserver?:   no
configure:23209:   hpcstruct:    open-analysis parseapi
configure:23211: 
configure:23213:   C compiler: gcc (Ubuntu 4.8.4-2ubuntu1~14.04.3) 4.8.4
configure:23215:   Path:      /usr/bin/gcc
configure:23217:   CC:        'gcc -std=gnu99'
configure:23219:   CFLAGS:    '  -g -O3 -Wall'
configure:23221:   C++ compiler: g++ (Ubuntu 4.8.4-2ubuntu1~14.04.3) 4.8.4
configure:23223:   Path:      /usr/bin/g++
configure:23225:   CXX:       'g++'
configure:23227:   CXXFLAGS:  '  -g -O3 -Wall -std=c++11'
configure:23229:   C++11:     '-std=c++11'
configure:23231:   CCAS:      'gcc -std=gnu99'
configure:23233:   CCASFLAGS: ''
configure:23235:   LDFLAGS:   ''
configure:23237:   MPICC:     ''
configure:23239:   MPICXX:    ''
configure:23241:   MPIF77:    ''
configure:23243:   HPC_LT_LDFLAGS:        ''
configure:23245:   HPCPROFMPI_LT_LDFLAGS: ''
configure:23247: 
configure:23249:   binutils:     /home/jw/hpctoolkit/hpctoolkit-externals/BUILD/hpctoolkit-externals-install/binutils
configure:23251:   boost:        /home/jw/hpctoolkit/hpctoolkit-externals/BUILD/hpctoolkit-externals-install/boost
configure:23253:   libdwarf:     /home/jw/hpctoolkit/hpctoolkit-externals/BUILD/hpctoolkit-externals-install/libdwarf
configure:23255:   libelf:       /home/jw/hpctoolkit/hpctoolkit-externals/BUILD/hpctoolkit-externals-install/libelf
configure:23257:   libmonitor:   /home/jw/hpctoolkit/hpctoolkit-externals/BUILD/hpctoolkit-externals-install/libmonitor
configure:23259:   monitor/old:  no
configure:23261:   libunwind:    /home/jw/hpctoolkit/hpctoolkit-externals/BUILD/hpctoolkit-externals-install/libunwind
configure:23263:   OpenAnalysis: /home/jw/hpctoolkit/hpctoolkit-externals/BUILD/hpctoolkit-externals-install/open-analysis
configure:23265:   symtabAPI:    /home/jw/hpctoolkit/hpctoolkit-externals/BUILD/hpctoolkit-externals-install/symtabAPI
configure:23267:   xed2:         /home/jw/hpctoolkit/hpctoolkit-externals/BUILD/hpctoolkit-externals-install/xed2
configure:23269:   xerces:       /home/jw/hpctoolkit/hpctoolkit-externals/BUILD/hpctoolkit-externals-install/xerces
configure:23271:   papi:         /usr/local
configure:23273:   cuda:         
configure:23275:   papi-c-cupti: no
configure:23277:   upc (BG/P):   no

## ---------------- ##
## Cache variables. ##
## ---------------- ##

ac_cv_build=x86_64-unknown-linux-gnu
ac_cv_c_bigendian=no
ac_cv_c_compiler_gnu=yes
ac_cv_check_cxx_ctd_cheaders=yes
ac_cv_check_cxx_pthread_h=yes
ac_cv_cxx_compiler_gnu=yes
ac_cv_env_CCASFLAGS_set=
ac_cv_env_CCASFLAGS_value=
ac_cv_env_CCAS_set=
ac_cv_env_CCAS_value=
ac_cv_env_CCC_set=
ac_cv_env_CCC_value=
ac_cv_env_CC_set=
ac_cv_env_CC_value=
ac_cv_env_CFLAGS_set=
ac_cv_env_CFLAGS_value=
ac_cv_env_CPPFLAGS_set=
ac_cv_env_CPPFLAGS_value=
ac_cv_env_CPP_set=
ac_cv_env_CPP_value=
ac_cv_env_CXX11_FLAG_set=
ac_cv_env_CXX11_FLAG_value=
ac_cv_env_CXXCPP_set=
ac_cv_env_CXXCPP_value=
ac_cv_env_CXXFLAGS_set=
ac_cv_env_CXXFLAGS_value=
ac_cv_env_CXX_set=
ac_cv_env_CXX_value=
ac_cv_env_HPCPROFMPI_LT_LDFLAGS_set=
ac_cv_env_HPCPROFMPI_LT_LDFLAGS_value=
ac_cv_env_HPC_LT_LDFLAGS_set=
ac_cv_env_HPC_LT_LDFLAGS_value=
ac_cv_env_LDFLAGS_set=
ac_cv_env_LDFLAGS_value=
ac_cv_env_LD_set=
ac_cv_env_LD_value=
ac_cv_env_LIBS_set=
ac_cv_env_LIBS_value=
ac_cv_env_MPICXX_set=
ac_cv_env_MPICXX_value=
ac_cv_env_build_alias_set=
ac_cv_env_build_alias_value=
ac_cv_env_host_alias_set=
ac_cv_env_host_alias_value=
ac_cv_env_target_alias_set=
ac_cv_env_target_alias_value=
ac_cv_header_cxxabi_h=yes
ac_cv_header_dlfcn_h=yes
ac_cv_header_inttypes_h=yes
ac_cv_header_memory_h=yes
ac_cv_header_stdc=yes
ac_cv_header_stdint_h=yes
ac_cv_header_stdlib_h=yes
ac_cv_header_string_h=yes
ac_cv_header_strings_h=yes
ac_cv_header_sys_stat_h=yes
ac_cv_header_sys_types_h=yes
ac_cv_header_unistd_h=yes
ac_cv_host=x86_64-unknown-linux-gnu
ac_cv_objext=o
ac_cv_path_CC_PATH=/usr/bin/gcc
ac_cv_path_CXX_PATH=/usr/bin/g++
ac_cv_path_EGREP='/bin/grep -E'
ac_cv_path_FGREP='/bin/grep -F'
ac_cv_path_GREP=/bin/grep
ac_cv_path_MPICXX=no
ac_cv_path_SED=/bin/sed
ac_cv_path_install='/usr/bin/install -c'
ac_cv_path_mkdir=/bin/mkdir
ac_cv_prog_AWK=mawk
ac_cv_prog_CPP='gcc -std=gnu99 -E'
ac_cv_prog_CXXCPP='g++ -E'
ac_cv_prog_ac_ct_AR=ar
ac_cv_prog_ac_ct_CC=gcc
ac_cv_prog_ac_ct_CXX=g++
ac_cv_prog_ac_ct_OBJDUMP=objdump
ac_cv_prog_ac_ct_RANLIB=ranlib
ac_cv_prog_ac_ct_STRIP=strip
ac_cv_prog_cc_c89=
ac_cv_prog_cc_c99=-std=gnu99
ac_cv_prog_cc_g=yes
ac_cv_prog_cc_gcc_c_o=yes
ac_cv_prog_cxx_g=yes
ac_cv_prog_make_make_set=yes
ac_cv_sizeof_voidp=8
ac_cv_type_uint=yes
ac_cv_type_ulong=yes
ac_cv_type_ushort=yes
am_cv_CCAS_dependencies_compiler_type=gcc3
am_cv_CC_dependencies_compiler_type=gcc3
am_cv_CXX_dependencies_compiler_type=gcc3
lt_cv_archive_cmds_need_lc=no
lt_cv_deplibs_check_method=pass_all
lt_cv_file_magic_cmd='$MAGIC_CMD'
lt_cv_file_magic_test_file=
lt_cv_ld_reload_flag=-r
lt_cv_nm_interface='BSD nm'
lt_cv_objdir=.libs
lt_cv_path_LD=/usr/bin/ld
lt_cv_path_LDCXX='/usr/bin/ld -m elf_x86_64'
lt_cv_path_NM='/usr/bin/nm -B'
lt_cv_prog_compiler_c_o=yes
lt_cv_prog_compiler_c_o_CXX=yes
lt_cv_prog_compiler_pic_works=yes
lt_cv_prog_compiler_pic_works_CXX=yes
lt_cv_prog_compiler_rtti_exceptions=no
lt_cv_prog_compiler_static_works=yes
lt_cv_prog_compiler_static_works_CXX=yes
lt_cv_prog_gnu_ld=yes
lt_cv_prog_gnu_ldcxx=yes
lt_cv_shlibpath_overrides_runpath=no
lt_cv_sys_global_symbol_pipe='sed -n -e '\''s/^.*[	 ]\([ABCDGIRSTW][ABCDGIRSTW]*\)[	 ][	 ]*\([_A-Za-z][_A-Za-z0-9]*\)$/\1 \2 \2/p'\'''
lt_cv_sys_global_symbol_to_c_name_address='sed -n -e '\''s/^: \([^ ]*\) $/  {\"\1\", (void *) 0},/p'\'' -e '\''s/^[ABCDGIRSTW]* \([^ ]*\) \([^ ]*\)$/  {"\2", (void *) \&\2},/p'\'''
lt_cv_sys_global_symbol_to_c_name_address_lib_prefix='sed -n -e '\''s/^: \([^ ]*\) $/  {\"\1\", (void *) 0},/p'\'' -e '\''s/^[ABCDGIRSTW]* \([^ ]*\) \(lib[^ ]*\)$/  {"\2", (void *) \&\2},/p'\'' -e '\''s/^[ABCDGIRSTW]* \([^ ]*\) \([^ ]*\)$/  {"lib\2", (void *) \&\2},/p'\'''
lt_cv_sys_global_symbol_to_cdecl='sed -n -e '\''s/^T .* \(.*\)$/extern int \1();/p'\'' -e '\''s/^[ABCDGIRSTW]* .* \(.*\)$/extern char \1;/p'\'''
lt_cv_sys_max_cmd_len=3458764513820540925

## ----------------- ##
## Output variables. ##
## ----------------- ##

ACLOCAL='${SHELL} /home/jw/hpctoolkit/hpctoolkit/config/missing --run aclocal-1.11'
AMDEPBACKSLASH='\'
AMDEP_FALSE='#'
AMDEP_TRUE=''
AMTAR='${SHELL} /home/jw/hpctoolkit/hpctoolkit/config/missing --run tar'
AR='ar'
AUTOCONF='${SHELL} /home/jw/hpctoolkit/hpctoolkit/config/missing --run autoconf'
AUTOHEADER='${SHELL} /home/jw/hpctoolkit/hpctoolkit/config/missing --run autoheader'
AUTOMAKE='${SHELL} /home/jw/hpctoolkit/hpctoolkit/config/missing --run automake-1.11'
AWK='mawk'
BACK_END_LABEL=''
BOOST_INC='/home/jw/hpctoolkit/hpctoolkit-externals/BUILD/hpctoolkit-externals-install/boost/include'
CC='gcc -std=gnu99'
CCAS='gcc -std=gnu99'
CCASDEPMODE='depmode=gcc3'
CCASFLAGS=''
CCDEPMODE='depmode=gcc3'
CC_PATH='/usr/bin/gcc'
CFLAGS=''
CPP='gcc -std=gnu99 -E'
CPPFLAGS=''
CXX11_FLAG=''
CXX='g++'
CXXCPP='g++ -E'
CXXDEPMODE='depmode=gcc3'
CXXFLAGS=''
CXX_PATH='/usr/bin/g++'
CYGPATH_W='echo'
DEFS='-DHAVE_CONFIG_H'
DEPDIR='.deps'
DSYMUTIL=''
DUMPBIN=''
ECHO_C=''
ECHO_N='-n'
ECHO_T=''
EGREP='/bin/grep -E'
EXEEXT=''
F77_SYMBOLS=''
FGREP='/bin/grep -F'
GNUBINUTILS_IFLAGS='-I/home/jw/hpctoolkit/hpctoolkit-externals/BUILD/hpctoolkit-externals-install/binutils/include'
GNUBINUTILS_LDFLAGS='-L/home/jw/hpctoolkit/hpctoolkit-externals/BUILD/hpctoolkit-externals-install/binutils/lib -L/home/jw/hpctoolkit/hpctoolkit-externals/BUILD/hpctoolkit-externals-install/binutils/lib64'
GNUBINUTILS_LDLIBS='-lbfd -lopcodes -liberty'
GREP='/bin/grep'
HOST_AR=''
HOST_CFLAGS=' -g -O3 -Wall'
HOST_CPU_IA64_FALSE=''
HOST_CPU_IA64_TRUE='#'
HOST_CPU_K1OM_FALSE=''
HOST_CPU_K1OM_TRUE='#'
HOST_CPU_MIPS_FALSE=''
HOST_CPU_MIPS_TRUE='#'
HOST_CPU_PPC_FALSE=''
HOST_CPU_PPC_TRUE='#'
HOST_CPU_X86_64_FALSE='#'
HOST_CPU_X86_64_TRUE=''
HOST_CPU_X86_FALSE=''
HOST_CPU_X86_FAMILY_FALSE='#'
HOST_CPU_X86_FAMILY_TRUE=''
HOST_CPU_X86_TRUE='#'
HOST_CXXFLAGS=' -g -O3 -Wall -std=c++11'
HOST_HPCPROFTT_LDFLAGS='-lm'
HOST_HPCPROF_FLAT_LDFLAGS='-lm'
HOST_HPCPROF_LDFLAGS='-lm '
HOST_HPCRUN_LDFLAGS=''
HOST_HPCSTRUCT_LDFLAGS='-lm '
HOST_LIBTREPOSITORY=''
HOST_LINK_NO_START_FILES='-nostartfiles'
HOST_OS_LINUX_FALSE='#'
HOST_OS_LINUX_TRUE=''
HOST_XPROF_LDFLAGS=' '
HPCLINK_LD_FLAGS='-L/home/jw/hpctoolkit/hpctoolkit-externals/BUILD/hpctoolkit-externals-install/libunwind/lib  -lunwind -lunwind-generic'
HPCPROFMPI_LT_LDFLAGS=''
HPCRUN_LIBCXX_PATH='/usr/lib/gcc/x86_64-linux-gnu/4.8'
HPCTOOLKIT_PLATFORM='x86_64-Linux'
HPC_LT_LDFLAGS=''
HPC_MONITOR='no'
INSTALL_DATA='${INSTALL} -m 644'
INSTALL_PROGRAM='${INSTALL}'
INSTALL_SCRIPT='${INSTALL}'
INSTALL_STRIP_PROGRAM='$(install_sh) -c -s'
IS_HOST_AR_FALSE=''
IS_HOST_AR_TRUE='#'
LD='/usr/bin/ld -m elf_x86_64'
LDFLAGS=''
LIBDWARF_COPY='yes'
LIBDWARF_INC='/home/jw/hpctoolkit/hpctoolkit-externals/BUILD/hpctoolkit-externals-install/libdwarf/include'
LIBDWARF_LIB='/home/jw/hpctoolkit/hpctoolkit-externals/BUILD/hpctoolkit-externals-install/libdwarf/lib'
LIBELF_COPY='yes'
LIBELF_INC='/home/jw/hpctoolkit/hpctoolkit-externals/BUILD/hpctoolkit-externals-install/libelf/include'
LIBELF_LIB='/home/jw/hpctoolkit/hpctoolkit-externals/BUILD/hpctoolkit-externals-install/libelf/lib'
LIBMONITOR_COPY='yes'
LIBMONITOR_INC='/home/jw/hpctoolkit/hpctoolkit-externals/BUILD/hpctoolkit-externals-install/libmonitor/include'
LIBMONITOR_LIB='/home/jw/hpctoolkit/hpctoolkit-externals/BUILD/hpctoolkit-externals-install/libmonitor/lib'
LIBMONITOR_RUN_DIR='lib/hpctoolkit/ext-libs'
LIBMONITOR_WRAP_NAMES='_Exit _exit exit main dlclose dlopen execl execle execlp execv execve execvp fork system vfork pthread_create pthread_exit pthread_sigmask sigtimedwait sigwait sigwaitinfo sigaction signal sigprocmask MPI_Init MPI_Init_thread MPI_Finalize MPI_Comm_rank mpi_init mpi_init_thread mpi_finalize mpi_comm_rank mpi_init_ mpi_init_thread_ mpi_finalize_ mpi_comm_rank_ mpi_init__ mpi_init_thread__ mpi_finalize__ mpi_comm_rank__ '
LIBOBJS=''
LIBS=''
LIBTOOL='$(SHELL) $(top_builddir)/libtool'
LIBTOOL_DEPS='../config/ltmain.sh'
LIBUNWIND_COPY='yes'
LIBUNWIND_HPCLINK_LIBS=' -lunwind -lunwind-generic'
LIBUNWIND_LIB='/home/jw/hpctoolkit/hpctoolkit-externals/BUILD/hpctoolkit-externals-install/libunwind/lib'
LIBUNWIND_RUN_DIR='lib/hpctoolkit/ext-libs'
LIPO=''
LN_S='ln -s'
LTLIBOBJS=''
MAINT='#'
MAINTAINER_MODE_FALSE=''
MAINTAINER_MODE_TRUE='#'
MAKEINFO='${SHELL} /home/jw/hpctoolkit/hpctoolkit/config/missing --run makeinfo'
MKDIR_P='/bin/mkdir -p'
MONITOR='no'
MPICXX=''
MPIF77=''
NM='/usr/bin/nm -B'
NMEDIT=''
OA_IFLAGS='-DOA_IRHANDLETYPE_SZ64 -I/home/jw/hpctoolkit/hpctoolkit-externals/BUILD/hpctoolkit-externals-install/open-analysis/include'
OA_LDFLAGS='/home/jw/hpctoolkit/hpctoolkit-externals/BUILD/hpctoolkit-externals-install/open-analysis/lib/libOAsz64.a'
OBJDUMP='objdump'
OBJEXT='o'
OPT_BGQ_BACKEND_FALSE=''
OPT_BGQ_BACKEND_TRUE='#'
OPT_BUILD_BACK_END_FALSE=''
OPT_BUILD_BACK_END_TRUE='#'
OPT_BUILD_FRONT_END_FALSE='#'
OPT_BUILD_FRONT_END_TRUE=''
OPT_BUILD_LIB_ALL_FALSE='#'
OPT_BUILD_LIB_ALL_TRUE=''
OPT_BUILD_TOOL_ALL_FALSE='#'
OPT_BUILD_TOOL_ALL_TRUE=''
OPT_CILK_IFLAGS='-I/include'
OPT_CUDA=''
OPT_CUDA_IFLAGS=''
OPT_CUDA_LDFLAGS=''
OPT_CUPTI=''
OPT_CUPTI_IFLAGS=''
OPT_ENABLE_BANAL_WITH_OA_FALSE='#'
OPT_ENABLE_BANAL_WITH_OA_TRUE=''
OPT_ENABLE_BANAL_WITH_PARSEAPI_FALSE='#'
OPT_ENABLE_BANAL_WITH_PARSEAPI_TRUE=''
OPT_ENABLE_BANAL_WITH_SYMTAB_FALSE='#'
OPT_ENABLE_BANAL_WITH_SYMTAB_TRUE=''
OPT_ENABLE_CUDA_FALSE=''
OPT_ENABLE_CUDA_TRUE='#'
OPT_ENABLE_CUPTI_FALSE=''
OPT_ENABLE_CUPTI_TRUE='#'
OPT_ENABLE_DEVELOP_FALSE=''
OPT_ENABLE_DEVELOP_TRUE='#'
OPT_ENABLE_DEVTOOLS_FALSE=''
OPT_ENABLE_DEVTOOLS_TRUE='#'
OPT_ENABLE_HPCRUN_DYNAMIC_FALSE='#'
OPT_ENABLE_HPCRUN_DYNAMIC_TRUE=''
OPT_ENABLE_HPCRUN_FALSE='#'
OPT_ENABLE_HPCRUN_FLAT_FALSE=''
OPT_ENABLE_HPCRUN_FLAT_TRUE='#'
OPT_ENABLE_HPCRUN_STATIC_FALSE='#'
OPT_ENABLE_HPCRUN_STATIC_TRUE=''
OPT_ENABLE_HPCRUN_TRUE=''
OPT_ENABLE_HPCSERVER_FALSE=''
OPT_ENABLE_HPCSERVER_TRUE='#'
OPT_ENABLE_LUSH_FALSE=''
OPT_ENABLE_LUSH_PTHREADS_FALSE=''
OPT_ENABLE_LUSH_PTHREADS_TRUE='#'
OPT_ENABLE_LUSH_TRUE='#'
OPT_ENABLE_MPI_FALSE=''
OPT_ENABLE_MPI_TRUE='#'
OPT_ENABLE_MPI_WRAP_FALSE=''
OPT_ENABLE_MPI_WRAP_TRUE='#'
OPT_ENABLE_UPC_FALSE=''
OPT_ENABLE_UPC_TRUE='#'
OPT_HAVE_LIBUNWIND_FALSE='#'
OPT_HAVE_LIBUNWIND_TRUE=''
OPT_HPCSTRUCT_LAUNCH_SCRIPT_FALSE='#'
OPT_HPCSTRUCT_LAUNCH_SCRIPT_TRUE=''
OPT_INSTALL_MONITOR='no'
OPT_LIBUNWIND_IFLAGS='-I/home/jw/hpctoolkit/hpctoolkit-externals/BUILD/hpctoolkit-externals-install/libunwind/include'
OPT_LIBUNWIND_LDFLAGS='-L/home/jw/hpctoolkit/hpctoolkit-externals/BUILD/hpctoolkit-externals-install/libunwind/lib  -lunwind -lunwind-generic'
OPT_LIBUNWIND_LIBA=''
OPT_LIBUNWIND_LIBPATH='/home/jw/hpctoolkit/hpctoolkit-externals/BUILD/hpctoolkit-externals-install/libunwind'
OPT_LIBUNWIND_LIBSO=''
OPT_OBJCOPY='objcopy'
OPT_PAPI='/usr/local'
OPT_PAPI_COMPONENT_FALSE='#'
OPT_PAPI_COMPONENT_TRUE=''
OPT_PAPI_CUPTI_FALSE=''
OPT_PAPI_CUPTI_TRUE='#'
OPT_PAPI_DYNAMIC_FALSE='#'
OPT_PAPI_DYNAMIC_TRUE=''
OPT_PAPI_IFLAGS='-I/usr/local/include'
OPT_PAPI_LDFLAGS='-L/usr/local/lib -lpapi'
OPT_PAPI_LIBPATH='/usr/local/lib'
OPT_PAPI_STATIC_FALSE='#'
OPT_PAPI_STATIC_TRUE=''
OPT_STRIP_HPCRUN_LIBS_FALSE='#'
OPT_STRIP_HPCRUN_LIBS_TRUE=''
OPT_UPC_IFLAGS=''
OPT_UPC_LDFLAGS=''
OPT_WITH_CILK_FALSE=''
OPT_WITH_CILK_TRUE='#'
OTOOL64=''
OTOOL=''
PACKAGE='hpctoolkit'
PACKAGE_BUGREPORT='hpctoolkit-forum@rice.edu'
PACKAGE_NAME='hpctoolkit'
PACKAGE_STRING='hpctoolkit 5.4.2'
PACKAGE_TARNAME='hpctoolkit'
PACKAGE_URL='http://hpctoolkit.org/'
PACKAGE_VERSION='5.4.2'
PATH_SEPARATOR=':'
RANLIB='ranlib'
SED='/bin/sed'
SET_MAKE=''
SHELL='/bin/bash'
STRIP='strip'
SYMTABAPI_COPY='yes'
SYMTABAPI_COPY_DYN='yes'
SYMTABAPI_COPY_PARSE='yes'
SYMTABAPI_INC='/home/jw/hpctoolkit/hpctoolkit-externals/BUILD/hpctoolkit-externals-install/symtabAPI/include'
SYMTABAPI_LIB='/home/jw/hpctoolkit/hpctoolkit-externals/BUILD/hpctoolkit-externals-install/symtabAPI/lib'
SYMTABAPI_LIB_LIST='-lsymtabAPI -lcommon -ldynDwarf -ldynElf'
UNW_LIBUNW_FALSE=''
UNW_LIBUNW_TRUE='#'
UNW_MIPS_FALSE=''
UNW_MIPS_TRUE='#'
UNW_PPC64_FALSE=''
UNW_PPC64_TRUE='#'
UNW_X86_FALSE='#'
UNW_X86_TRUE=''
VERSION='5.4.2'
XED2_COPY='yes'
XED2_HPCLINK_LIBS='/home/jw/hpctoolkit/hpctoolkit-externals/BUILD/hpctoolkit-externals-install/xed2/lib/libxed.a'
XED2_HPCRUN_LIBS='-L/home/jw/hpctoolkit/hpctoolkit-externals/BUILD/hpctoolkit-externals-install/xed2/lib -lxed'
XED2_INC='/home/jw/hpctoolkit/hpctoolkit-externals/BUILD/hpctoolkit-externals-install/xed2/include'
XED2_LIB_DIR='/home/jw/hpctoolkit/hpctoolkit-externals/BUILD/hpctoolkit-externals-install/xed2/lib'
XED2_LIB_FLAGS='-L/home/jw/hpctoolkit/hpctoolkit-externals/BUILD/hpctoolkit-externals-install/xed2/lib -lxed'
XED2_PROF_MPI_LIBS='-L/home/jw/hpctoolkit/hpctoolkit-externals/BUILD/hpctoolkit-externals-install/xed2/lib -lxed'
XERCES='/home/jw/hpctoolkit/hpctoolkit-externals/BUILD/hpctoolkit-externals-install/xerces'
XERCES_COPY='yes'
XERCES_IFLAGS='-I/home/jw/hpctoolkit/hpctoolkit-externals/BUILD/hpctoolkit-externals-install/xerces/include'
XERCES_LDFLAGS='-L/home/jw/hpctoolkit/hpctoolkit-externals/BUILD/hpctoolkit-externals-install/xerces/lib'
XERCES_LDLIBS='-lxerces-c'
XERCES_LIB='/home/jw/hpctoolkit/hpctoolkit-externals/BUILD/hpctoolkit-externals-install/xerces/lib'
ac_ct_CC='gcc'
ac_ct_CXX='g++'
ac_ct_DUMPBIN=''
am__EXEEXT_FALSE=''
am__EXEEXT_TRUE='#'
am__fastdepCCAS_FALSE='#'
am__fastdepCCAS_TRUE=''
am__fastdepCC_FALSE='#'
am__fastdepCC_TRUE=''
am__fastdepCXX_FALSE='#'
am__fastdepCXX_TRUE=''
am__include='include'
am__isrc=' -I$(srcdir)'
am__leading_dot='.'
am__quote=''
am__tar='${AMTAR} chof - "$$tardir"'
am__untar='${AMTAR} xf -'
bindir='${exec_prefix}/bin'
build='x86_64-unknown-linux-gnu'
build_alias=''
build_cpu='x86_64'
build_os='linux-gnu'
build_vendor='unknown'
cxx_c11_flag='-std=c++11'
datadir='${datarootdir}'
datarootdir='${prefix}/share'
docdir='${datarootdir}/doc/${PACKAGE_TARNAME}'
dvidir='${docdir}'
exec_prefix='${prefix}'
host='x86_64-unknown-linux-gnu'
host_alias=''
host_cpu='x86_64'
host_os='linux-gnu'
host_vendor='unknown'
hpc_ext_libs_dir='lib/hpctoolkit/ext-libs'
hpclink_extra_wrap_names=''
hpcrun_use_bgq_backend='no'
htmldir='${docdir}'
includedir='${prefix}/include'
infodir='${datarootdir}/info'
install_sh='${SHELL} /home/jw/hpctoolkit/hpctoolkit/config/install-sh'
libdir='${exec_prefix}/lib'
libexecdir='${exec_prefix}/libexec'
localedir='${datarootdir}/locale'
localstatedir='${prefix}/var'
mandir='${datarootdir}/man'
mkdir_p='/bin/mkdir -p'
my_pkglibdir='$(libdir)/$(PACKAGE)'
my_pkglibexecdir='$(libexecdir)/$(PACKAGE)'
oldincludedir='/usr/include'
papi_extra_libs=' -lpfm'
pdfdir='${docdir}'
ppc64_bgq_avail='no'
prefix='/home/jw/hpctoolkit-install'
program_transform_name='s,x,x,'
psdir='${docdir}'
sbindir='${exec_prefix}/sbin'
sharedstatedir='${prefix}/com'
sysconfdir='${prefix}/etc'
target_alias=''
wordsize_cflag='-m64'

## ------------------- ##
## File substitutions. ##
## ------------------- ##

copyright_hash='../config/copyright-hash'
export_hpctoolkit='../config/export-hpctoolkit'

## ----------- ##
## confdefs.h. ##
## ----------- ##

/* confdefs.h */
#define PACKAGE_NAME "hpctoolkit"
#define PACKAGE_TARNAME "hpctoolkit"
#define PACKAGE_VERSION "5.4.2"
#define PACKAGE_STRING "hpctoolkit 5.4.2"
#define PACKAGE_BUGREPORT "hpctoolkit-forum@rice.edu"
#define PACKAGE_URL "http://hpctoolkit.org/"
#define PACKAGE "hpctoolkit"
#define VERSION "5.4.2"
#define HPCTOOLKIT_VERSION "5.4.2"
#define HPCTOOLKIT_VERSION_STRING "A member of HPCToolkit, version 5.4.2"
#define STDC_HEADERS 1
#define HAVE_SYS_TYPES_H 1
#define HAVE_SYS_STAT_H 1
#define HAVE_STDLIB_H 1
#define HAVE_STRING_H 1
#define HAVE_MEMORY_H 1
#define HAVE_STRINGS_H 1
#define HAVE_INTTYPES_H 1
#define HAVE_STDINT_H 1
#define HAVE_UNISTD_H 1
#define HAVE_DLFCN_H 1
#define LT_OBJDIR ".libs/"
#define STDC_HEADERS 1
#define HAVE_UNISTD_H 1
#define HAVE_INTTYPES_H 1
#define SIZEOF_VOIDP 8
#define HAVE_USHORT 1
#define HAVE_UINT 1
#define HAVE_ULONG 1
#define HAVE_USHORT_LANG_C 1
#define HAVE_UINT_LANG_C 1
#define HAVE_ULONG_LANG_C 1
#define HAVE_UNISTD_H 1
#define HAVE_INTTYPES_H 1
#define HAVE_CXXABI_H 1
#define SIZEOF_VOIDP 8
#define HAVE_USHORT 1
#define HAVE_UINT 1
#define HAVE_ULONG 1
#define HAVE_OS_MULTILIB 1
#define HOST_CPU_x86_64 1
#define HOST_OS_LINUX 1
#define HOST_LITTLE_ENDIAN 1
#define USE_SYSTEM_BYTESWAP 1
#define SYMTAB_NEW_NAME_ITERATOR 1
#define ENABLE_CLOCK_REALTIME 1
#define ENABLE_CLOCK_CPUTIME 1
#define HAVE_HPC_GNUBINUTILS 1

configure: exit 0

## ---------------------- ##
## Running config.status. ##
## ---------------------- ##

This file was extended by hpctoolkit config.status 5.4.2, which was
generated by GNU Autoconf 2.67.  Invocation command line was

  CONFIG_FILES    = 
  CONFIG_HEADERS  = 
  CONFIG_LINKS    = 
  CONFIG_COMMANDS = 
  $ ./config.status 

on ubuntu

config.status:1425: creating Makefile
config.status:1425: creating doc/Makefile
config.status:1425: creating doc/man/Makefile
config.status:1425: creating doc/man/HPCToolkitVersionInfo.tex
config.status:1425: creating doc/manual/Makefile
config.status:1425: creating doc/www/Makefile
config.status:1425: creating lib/Makefile
config.status:1425: creating src/Makefile
config.status:1425: creating src/tool/Makefile
config.status:1425: creating src/tool/hpcfnbounds/Makefile
config.status:1425: creating src/tool/hpclump/Makefile
config.status:1425: creating src/tool/hpcprof/Makefile
config.status:1425: creating src/tool/hpcprof-mpi/Makefile
config.status:1425: creating src/tool/hpcprof-flat/Makefile
config.status:1425: creating src/tool/hpcproftt/Makefile
config.status:1425: creating src/tool/hpcrun/Makefile
config.status:1425: creating src/tool/hpcrun/utilities/bgq-cnk/Makefile
config.status:1425: creating src/tool/hpcrun-flat/Makefile
config.status:1425: creating src/tool/hpcserver/Makefile
config.status:1425: creating src/tool/hpcserver/mpi/Makefile
config.status:1425: creating src/tool/hpcstruct/Makefile
config.status:1425: creating src/tool/misc/Makefile
config.status:1425: creating src/tool/xprof/Makefile
config.status:1425: creating src/lib/Makefile
config.status:1425: creating src/lib/analysis/Makefile
config.status:1425: creating src/lib/banal/Makefile
config.status:1425: creating src/lib/binutils/Makefile
config.status:1425: creating src/lib/isa/Makefile
config.status:1425: creating src/lib/prof/Makefile
config.status:1425: creating src/lib/profxml/Makefile
config.status:1425: creating src/lib/prof-lean/Makefile
config.status:1425: creating src/lib/stubs-gcc_s/Makefile
config.status:1425: creating src/lib/support/Makefile
config.status:1425: creating src/lib/support-lean/Makefile
config.status:1425: creating src/lib/xml/Makefile
config.status:1425: creating src/tool/hpcrun/scripts/hpcrun
config.status:1425: creating src/tool/hpcrun/scripts/hpclink
config.status:1425: creating src/tool/hpcrun/scripts/hpcsummary
config.status:1425: creating src/tool/hpcfnbounds/hpcfnbounds
config.status:1425: creating src/tool/hpcprof/hpcprof
config.status:1425: creating src/tool/hpcprof-mpi/hpcprof-mpi
config.status:1425: creating src/tool/hpcprof-flat/hpcprof-flat
config.status:1425: creating src/tool/hpcproftt/hpcproftt
config.status:1425: creating src/tool/hpcstruct/hpcstruct
config.status:1425: creating src/include/hpctoolkit-config.h
config.status:1595: src/include/hpctoolkit-config.h is unchanged
config.status:1643: executing depfiles commands
config.status:1643: executing libtool commands
